#
# A fatal error has been detected by the Java Runtime Environment:
#
#  EXCEPTION_ACCESS_VIOLATION (0xc0000005) at pc=0x000002039946100f, pid=31168, tid=7092
#
# JRE version: OpenJDK Runtime Environment Temurin-22.0.1+8 (22.0.1+8) (build 22.0.1+8)
# Java VM: OpenJDK 64-Bit Server VM Temurin-22.0.1+8 (22.0.1+8, mixed mode, emulated-client, tiered, compressed oops, compressed class ptrs, g1 gc, windows-amd64)
# Problematic frame:
# v  ~BufferBlob::MethodHandles adapters 0x000002039946100f
#
# No core dump will be written. Minidumps are not enabled by default on client versions of Windows
#
# If you would like to submit a bug report, please visit:
#   https://github.com/adoptium/adoptium-support/issues
#

---------------  S U M M A R Y ------------

Command Line: -XX:+ShowCodeDetailsInExceptionMessages -agentlib:jdwp=transport=dt_socket,suspend=y,address=localhost:60440 -Dcom.sun.management.jmxremote -Dcom.sun.management.jmxremote.port=60436 -Dcom.sun.management.jmxremote.authenticate=false -Dcom.sun.management.jmxremote.ssl=false -Djava.rmi.server.hostname=localhost -Dspring.jmx.enabled=true -Dmanagement.endpoints.jmx.exposure.include=* -Dspring.application.admin.enabled=true -XX:TieredStopAtLevel=1 -Dspring.boot.project.name=gesventas-web -javaagent:C:\Users\pedro\eclipse\jee-2024-06\eclipse\configuration\org.eclipse.osgi\448\0\.cp\lib\javaagent-shaded.jar -Dfile.encoding=UTF-8 -Dstdout.encoding=UTF-8 -Dstderr.encoding=UTF-8 com.ayalait.gesventas.GesVentas --spring.output.ansi.enabled=always

Host: Intel(R) Core(TM) i7-10510U CPU @ 1.80GHz, 8 cores, 15G,  Windows 11 , 64 bit Build 26100 (10.0.26100.2992)
Time: Sun Feb  2 01:34:16 2025 Hora estándar de Montevideo elapsed time: 3741.725020 seconds (0d 1h 2m 21s)

---------------  T H R E A D  ---------------

Current thread (0x00000203a9d7c450):  JavaThread "restartedMain"        [_thread_in_Java, id=7092, stack(0x0000008fef000000,0x0000008fef100000) (1024K)]

Stack: [0x0000008fef000000,0x0000008fef100000],  sp=0x0000008fef0fde58,  free space=1015k
Native frames: (J=compiled Java code, j=interpreted, Vv=VM code, C=native code)
C  0x000002039946100f  (no source info available)

The last pc belongs to _linkToSpecial (printed below).

siginfo: EXCEPTION_ACCESS_VIOLATION (0xc0000005), reading address 0xfffffffffffffff7


Registers:
RAX=0x00000203994390e6, RBX=0x0000000707ee63c0, RCX=0xfffffffffffffff7, RDX=0x0000000000000002
RSP=0x0000008fef0fde58, RBP=0x0000008fef0fdea8, RSI=0x00000203aab99ea8, RDI=0x00000203aaf8ef40
R8 =0x0000000000000004, R9 =0x0000000000000004, R10=0x00007ffca114fd80, R11=0x00000203a53d2898
R12=0x0000000000000000, R13=0x0000008fef0fde58, R14=0x0000008fef0fdec8, R15=0x00000203a9d7c450
RIP=0x000002039946100f, EFLAGS=0x0000000000010246


Register to memory mapping:

RAX=0x00000203994390e6 is at code_begin+3174 in an Interpreter codelet
return entry points  [0x0000020399438480, 0x000002039943a388]  7944 bytes
RBX=0x0000000707ee63c0 is an oop: com.ayalait.gesventas.controller.ConfiguracionController 
{0x0000000707ee63c0} - klass: 'com/ayalait/gesventas/controller/ConfiguracionController'
 - ---- fields (total size 2 words):
RCX=0xfffffffffffffff7 is an unknown value
RDX=0x0000000000000002 is an unknown value
RSP=0x0000008fef0fde58 is pointing into the stack for thread: 0x00000203a9d7c450
RBP=0x0000008fef0fdea8 is pointing into the stack for thread: 0x00000203a9d7c450
RSI=0x00000203aab99ea8 points into unknown readable memory: 0x88001865824c4857 | 57 48 4c 82 65 18 00 88
RDI=0x00000203aaf8ef40 points into unknown readable memory: 0x0000001800000070 | 70 00 00 00 18 00 00 00
R8 =0x0000000000000004 is an unknown value
R9 =0x0000000000000004 is an unknown value
R10=0x00007ffca114fd80 jvm.dll
R11={method} {0x00000203a53d28a0} 'newInvokeSpecial' '(Ljava/lang/Object;)Ljava/lang/Object;' in 'java/lang/invoke/DirectMethodHandle$Holder'
R12=0x0 is null
R13=0x0000008fef0fde58 is pointing into the stack for thread: 0x00000203a9d7c450
R14=0x0000008fef0fdec8 is pointing into the stack for thread: 0x00000203a9d7c450
R15=0x00000203a9d7c450 is a thread

Top of Stack: (sp=0x0000008fef0fde58)
0x0000008fef0fde58:   00000203994390e6 fffffffffffffff7
0x0000008fef0fde68:   00000203a53d2887 0000000000000004
0x0000008fef0fde78:   00000203a53d7408 0000000000000000
0x0000008fef0fde88:   000000070347bad8 00000203a53d2898
0x0000008fef0fde98:   fffffffffffffff6 0000008fef0fded0
0x0000008fef0fdea8:   0000008fef0fe230 000002039986a78b
0x0000008fef0fdeb8:   0000000707ee6318 0000000707ee63c0
0x0000008fef0fdec8:   0000000707ee6378 0000008fef0fe230
0x0000008fef0fded8:   0000020399869334 00000203a9a82020
0x0000008fef0fdee8:   00000203ab20b480 0000008fef0fe230
0x0000008fef0fdef8:   0000020399ddf7fc 00000203a4a582d0
0x0000008fef0fdf08:   0000008fef0fba40 0000000000000000
0x0000008fef0fdf18:   0000000000000000 00007ffd75117050
0x0000008fef0fdf28:   00007ffca0a148ee 00007ffd75111f00
0x0000008fef0fdf38:   00000203ab1ff2e0 00000203a9997480
0x0000008fef0fdf48:   00007ffca0a141ff 000000070347aba0
0x0000008fef0fdf58:   00000007096fed30 0000000707ee5f80
0x0000008fef0fdf68:   0000000707ee5f80 0000000707ee63a8
0x0000008fef0fdf78:   0000000707ee6130 00000203a9d7c450
0x0000008fef0fdf88:   0000000000000c00 0000008fef0fe230
0x0000008fef0fdf98:   0000020300000000 0000000000000000
0x0000008fef0fdfa8:   0000000000000000 0000000707ee6378
0x0000008fef0fdfb8:   00000203998682dc 0000000000000000
0x0000008fef0fdfc8:   0000000000000000 0000000000000000
0x0000008fef0fdfd8:   00007ffca09f4400 00000203a9d7c450
0x0000008fef0fdfe8:   0000000000000000 0000000707ee60c8
0x0000008fef0fdff8:   0000000000000000 0000000707ee5f80
0x0000008fef0fe008:   0000000707ee63a8 0000000707ee60c8
0x0000008fef0fe018:   0000000000000000 00000203a9d7c400
0x0000008fef0fe028:   0000020399869cec 0000008fef0fe230
0x0000008fef0fe038:   00000203998662ca 0000000000000000
0x0000008fef0fe048:   00000203997b2201 0000008fef0fe0d0 

Instructions: (pc=0x000002039946100f)
0x0000020399460f0f:   90 66 66 66 0f 1f 84 00 00 00 00 00 66 66 66 90
0x0000020399460f1f:   90 48 8b 53 08 0f b7 52 2e 48 8b 0c d4 8b 59 14
0x0000020399460f2f:   48 c1 e3 03 8b 5b 28 48 c1 e3 03 8b 5b 24 48 c1
0x0000020399460f3f:   e3 03 48 8b 5b 10 48 85 db 0f 84 10 00 00 00 41
0x0000020399460f4f:   80 bf e8 05 00 00 00 74 03 ff 63 38 ff 63 50 e9
0x0000020399460f5f:   9d 16 00 00 66 66 66 0f 1f 84 00 00 00 00 00 66
0x0000020399460f6f:   66 66 90 66 66 0f 1f 84 00 00 00 00 00 66 66 66
0x0000020399460f7f:   90 48 8b 53 08 0f b7 52 2e 48 8b 0c d4 58 5b 50
0x0000020399460f8f:   44 8b 51 08 4c 8b 5b 10 4b 8b 9c da c8 01 00 00
0x0000020399460f9f:   48 85 db 0f 84 10 00 00 00 41 80 bf e8 05 00 00
0x0000020399460faf:   00 74 03 ff 63 38 ff 63 50 e9 43 16 00 00 66 66
0x0000020399460fbf:   90 58 5b 50 8b 5b 24 48 c1 e3 03 48 8b 5b 10 48
0x0000020399460fcf:   85 db 0f 84 10 00 00 00 41 80 bf e8 05 00 00 00
0x0000020399460fdf:   74 03 ff 63 38 ff 63 50 e9 14 16 00 00 66 66 66
0x0000020399460fef:   0f 1f 84 00 00 00 00 00 66 66 66 90 0f 1f 44 00
0x0000020399460fff:   00 48 8b 53 08 0f b7 52 2e 48 8b 0c d4 58 5b 50
0x000002039946100f:   48 3b 01 8b 5b 24 48 c1 e3 03 48 8b 5b 10 48 85
0x000002039946101f:   db 0f 84 10 00 00 00 41 80 bf e8 05 00 00 00 74
0x000002039946102f:   03 ff 63 38 ff 63 50 e9 c5 15 00 00 0f 1f 44 00
0x000002039946103f:   00 48 8b 53 08 0f b7 52 2e 48 8b 0c d4 58 5b 50
0x000002039946104f:   44 8b 51 08 8b 43 18 48 c1 e0 03 48 8b 40 10 48
0x000002039946105f:   8b 5b 10 45 8b 9a a0 00 00 00 4f 8d 9c da c8 01
0x000002039946106f:   00 00 4d 8d 14 da 49 8b 1b 48 3b c3 74 15 48 85
0x000002039946107f:   db 0f 84 32 00 00 00 49 83 c3 10 49 8b 1b 48 3b
0x000002039946108f:   c3 75 eb 45 8b 5b 08 4b 8b 1c 1a 48 85 db 0f 84
0x000002039946109f:   10 00 00 00 41 80 bf e8 05 00 00 00 74 03 ff 63
0x00000203994610af:   38 ff 63 50 e9 48 15 00 00 e9 43 12 00 00 f4 00
0x00000203994610bf:   00 00 00 00 00 00 00 00 00 00 00 00 00 00 00 00
0x00000203994610cf:   00 00 00 00 00 00 00 00 00 00 00 00 00 00 00 00
0x00000203994610df:   00 00 00 00 00 00 00 00 00 00 00 00 00 00 00 00
0x00000203994610ef:   00 00 00 00 00 00 00 00 00 00 00 00 00 00 00 00
0x00000203994610ff:   00 00 00 00 00 00 00 00 00 00 00 00 00 00 00 00 


Stack slot to memory mapping:

stack at sp + 0 slots: 0x00000203994390e6 is at code_begin+3174 in an Interpreter codelet
return entry points  [0x0000020399438480, 0x000002039943a388]  7944 bytes
stack at sp + 1 slots: 0xfffffffffffffff7 is an unknown value
stack at sp + 2 slots: 0x00000203a53d2887 is pointing into metadata
stack at sp + 3 slots: 0x0000000000000004 is an unknown value
stack at sp + 4 slots: 0x00000203a53d7408 is pointing into metadata
stack at sp + 5 slots: 0x0 is null
stack at sp + 6 slots: 0x000000070347bad8 is an oop: java.lang.Class 
{0x000000070347bad8} - klass: 'java/lang/Class'
 - ---- fields (total size 14 words):
 - private volatile transient 'classRedefinedCount' 'I' @12  0 (0x00000000)
 - injected 'klass' 'J' @16  2416129056 (0x0000000090033420)
 - injected 'array_klass' 'J' @24  0 (0x0000000000000000)
 - injected 'oop_size' 'I' @32  14 (0x0000000e)
 - injected 'static_oop_field_count' 'I' @36  0 (0x00000000)
 - private volatile transient 'cachedConstructor' 'Ljava/lang/reflect/Constructor;' @40  null (0x00000000)
 - private transient 'name' 'Ljava/lang/String;' @44  null (0x00000000)
 - private transient 'module' 'Ljava/lang/Module;' @48  a 'java/lang/Module'{0x000000070345e7a0} (0xe068bcf4)
 - private final 'classLoader' 'Ljava/lang/ClassLoader;' @52  null (0x00000000)
 - private transient 'classData' 'Ljava/lang/Object;' @56  null (0x00000000)
 - private transient 'packageName' 'Ljava/lang/String;' @60  null (0x00000000)
 - private final 'componentType' 'Ljava/lang/Class;' @64  null (0x00000000)
 - private volatile transient 'reflectionData' 'Ljava/lang/ref/SoftReference;' @68  null (0x00000000)
 - private volatile transient 'genericInfo' 'Lsun/reflect/generics/repository/ClassRepository;' @72  null (0x00000000)
 - private volatile transient 'enumConstants' '[Ljava/lang/Object;' @76  null (0x00000000)
 - private volatile transient 'enumConstantDirectory' 'Ljava/util/Map;' @80  null (0x00000000)
 - private volatile transient 'annotationData' 'Ljava/lang/Class$AnnotationData;' @84  null (0x00000000)
 - private volatile transient 'annotationType' 'Lsun/reflect/annotation/AnnotationType;' @88  null (0x00000000)
 - transient 'classValueMap' 'Ljava/lang/ClassValue$ClassValueMap;' @92  null (0x00000000)
 - injected 'protection_domain' 'Ljava/lang/Object;' @96  null (0x00000000)
 - injected 'signers_name' 'Ljava/lang/Object;' @100  null (0x00000000)
 - injected 'source_file' 'Ljava/lang/Object;' @104  null (0x00000000)
 - signature: Ljava/lang/invoke/DirectMethodHandle$Holder;
 - ---- static fields (0):
stack at sp + 7 slots: {method} {0x00000203a53d28a0} 'newInvokeSpecial' '(Ljava/lang/Object;)Ljava/lang/Object;' in 'java/lang/invoke/DirectMethodHandle$Holder'

MethodHandle::interpreter_entry::_linkToSpecial [0x0000020399460fec, 0x000002039946103b] (79 bytes)
[MachCode]
  0x0000020399460fec: 6666 660f | 1f84 0000 | 0000 0066 | 6666 900f | 1f44 0000 | 488b 5308 | 0fb7 522e | 488b 0cd4 
  0x000002039946100c: 585b 5048 | 3b01 8b5b | 2448 c1e3 | 0348 8b5b | 1048 85db | 0f84 1000 | 0000 4180 | bfe8 0500 
  0x000002039946102c: 0000 7403 | ff63 38ff | 6350 e9c5 | 
[/MachCode]

---------------  P R O C E S S  ---------------

Threads class SMR info:
_java_thread_list=0x00000203ab1f1d90, length=29, elements={
0x00000203a47e7af0, 0x00000203a47ef110, 0x00000203a4806650, 0x00000203a48070b0,
0x00000203a4803520, 0x00000203a4803b90, 0x00000203a48045f0, 0x00000203a46e5120,
0x00000203a47df330, 0x00000203a4aaecc0, 0x00000203a4ab12d0, 0x00000203a94a00d0,
0x00000203a96ddff0, 0x00000203a9705520, 0x00000203a9745af0, 0x00000203a9cb88f0,
0x00000203a9cbc0d0, 0x00000203a9cbb180, 0x00000203a99e3270, 0x00000203a99df760,
0x00000203a99dea40, 0x00000203a9d79cf0, 0x00000203a9d7c450, 0x00000203aa8020c0,
0x00000203ab900560, 0x00000203aa04b9a0, 0x00000203a9d7d170, 0x00000203a9d7b730,
0x00000203a9d7cae0
}

Java Threads: ( => current thread )
  0x00000203a47e7af0 JavaThread "Reference Handler"          daemon [_thread_blocked, id=31436, stack(0x0000008fee800000,0x0000008fee900000) (1024K)]
  0x00000203a47ef110 JavaThread "Finalizer"                  daemon [_thread_blocked, id=12144, stack(0x0000008fee900000,0x0000008feea00000) (1024K)]
  0x00000203a4806650 JavaThread "Signal Dispatcher"          daemon [_thread_blocked, id=26736, stack(0x0000008feea00000,0x0000008feeb00000) (1024K)]
  0x00000203a48070b0 JavaThread "Attach Listener"            daemon [_thread_blocked, id=12024, stack(0x0000008feeb00000,0x0000008feec00000) (1024K)]
  0x00000203a4803520 JavaThread "Service Thread"             daemon [_thread_blocked, id=29588, stack(0x0000008feec00000,0x0000008feed00000) (1024K)]
  0x00000203a4803b90 JavaThread "Monitor Deflation Thread"   daemon [_thread_blocked, id=38688, stack(0x0000008feed00000,0x0000008feee00000) (1024K)]
  0x00000203a48045f0 JavaThread "C1 CompilerThread0"         daemon [_thread_blocked, id=10404, stack(0x0000008feee00000,0x0000008feef00000) (1024K)]
  0x00000203a46e5120 JavaThread "Common-Cleaner"             daemon [_thread_blocked, id=38372, stack(0x0000008feef00000,0x0000008fef000000) (1024K)]
  0x00000203a47df330 JavaThread "JDWP Transport Listener: dt_socket" daemon [_thread_blocked, id=34324, stack(0x0000008fef300000,0x0000008fef400000) (1024K)]
  0x00000203a4aaecc0 JavaThread "JDWP Event Helper Thread"   daemon [_thread_blocked, id=29160, stack(0x0000008fef400000,0x0000008fef500000) (1024K)]
  0x00000203a4ab12d0 JavaThread "JDWP Command Reader"        daemon [_thread_in_native, id=33612, stack(0x0000008fef500000,0x0000008fef600000) (1024K)]
  0x00000203a94a00d0 JavaThread "Notification Thread"        daemon [_thread_blocked, id=31700, stack(0x0000008fef600000,0x0000008fef700000) (1024K)]
  0x00000203a96ddff0 JavaThread "RMI TCP Accept-0"           daemon [_thread_in_native, id=16572, stack(0x0000008fef700000,0x0000008fef800000) (1024K)]
  0x00000203a9705520 JavaThread "RMI TCP Accept-60436"       daemon [_thread_in_native, id=23664, stack(0x0000008feff00000,0x0000008ff0000000) (1024K)]
  0x00000203a9745af0 JavaThread "RMI TCP Accept-0"           daemon [_thread_in_native, id=32348, stack(0x0000008ff0000000,0x0000008ff0100000) (1024K)]
  0x00000203a9cb88f0 JavaThread "RMI Scheduler(0)"           daemon [_thread_blocked, id=9312, stack(0x0000008ff0200000,0x0000008ff0300000) (1024K)]
  0x00000203a9cbc0d0 JavaThread "RMI TCP Connection(idle)"   daemon [_thread_blocked, id=13880, stack(0x0000008ff0300000,0x0000008ff0400000) (1024K)]
  0x00000203a9cbb180 JavaThread "JMX server connection timeout 38" daemon [_thread_blocked, id=38956, stack(0x0000008ff0400000,0x0000008ff0500000) (1024K)]
  0x00000203a99e3270 JavaThread "DestroyJavaVM"                     [_thread_blocked, id=33820, stack(0x0000008fee000000,0x0000008fee100000) (1024K)]
  0x00000203a99df760 JavaThread "mysql-cj-abandoned-connection-cleanup" daemon [_thread_blocked, id=2508, stack(0x0000008fedf00000,0x0000008fee000000) (1024K)]
  0x00000203a99dea40 JavaThread "Keep-Alive-Timer"           daemon [_thread_blocked, id=6596, stack(0x0000008ff0900000,0x0000008ff0a00000) (1024K)]
  0x00000203a9d79cf0 JavaThread "Thread-37"                         [_thread_blocked, id=29808, stack(0x0000008fedd00000,0x0000008fede00000) (1024K)]
=>0x00000203a9d7c450 JavaThread "restartedMain"                     [_thread_in_Java, id=7092, stack(0x0000008fef000000,0x0000008fef100000) (1024K)]
  0x00000203aa8020c0 JavaThread "C1 CompilerThread1"         daemon [_thread_blocked, id=13592, stack(0x0000008fef100000,0x0000008fef200000) (1024K)]
  0x00000203ab900560 JavaThread "C1 CompilerThread2"         daemon [_thread_blocked, id=27132, stack(0x0000008fef200000,0x0000008fef300000) (1024K)]
  0x00000203aa04b9a0 JavaThread "C1 CompilerThread3"         daemon [_thread_blocked, id=39000, stack(0x0000008ff0100000,0x0000008ff0200000) (1024K)]
  0x00000203a9d7d170 JavaThread "Catalina-utility-1"                [_thread_blocked, id=28772, stack(0x0000008ff0500000,0x0000008ff0600000) (1024K)]
  0x00000203a9d7b730 JavaThread "Catalina-utility-2"                [_thread_blocked, id=3256, stack(0x0000008ff0600000,0x0000008ff0700000) (1024K)]
  0x00000203a9d7cae0 JavaThread "container-0"                       [_thread_blocked, id=39460, stack(0x0000008ff0800000,0x0000008ff0900000) (1024K)]
Total: 29

Other Threads:
  0x00000203a475b090 VMThread "VM Thread"                           [id=34872, stack(0x0000008fee700000,0x0000008fee800000) (1024K)] _threads_hazard_ptr=0x00000203ab1f1d90
  0x00000203a46e4780 WatcherThread "VM Periodic Task Thread"        [id=20560, stack(0x0000008fee600000,0x0000008fee700000) (1024K)]
  0x0000020395980a00 WorkerThread "GC Thread#0"                     [id=36916, stack(0x0000008fee100000,0x0000008fee200000) (1024K)]
  0x00000203a96eed90 WorkerThread "GC Thread#1"                     [id=5632, stack(0x0000008fef800000,0x0000008fef900000) (1024K)]
  0x00000203a96ef140 WorkerThread "GC Thread#2"                     [id=2016, stack(0x0000008fef900000,0x0000008fefa00000) (1024K)]
  0x00000203a96ef4f0 WorkerThread "GC Thread#3"                     [id=37700, stack(0x0000008fefa00000,0x0000008fefb00000) (1024K)]
  0x00000203a96ef8a0 WorkerThread "GC Thread#4"                     [id=19992, stack(0x0000008fefb00000,0x0000008fefc00000) (1024K)]
  0x00000203a96efc50 WorkerThread "GC Thread#5"                     [id=34164, stack(0x0000008fefc00000,0x0000008fefd00000) (1024K)]
  0x00000203a971c7c0 WorkerThread "GC Thread#6"                     [id=29308, stack(0x0000008fefd00000,0x0000008fefe00000) (1024K)]
  0x00000203a972cd90 WorkerThread "GC Thread#7"                     [id=16392, stack(0x0000008fefe00000,0x0000008feff00000) (1024K)]
  0x00000203959915d0 ConcurrentGCThread "G1 Main Marker"            [id=28588, stack(0x0000008fee200000,0x0000008fee300000) (1024K)]
  0x0000020395992800 WorkerThread "G1 Conc#0"                       [id=22112, stack(0x0000008fee300000,0x0000008fee400000) (1024K)]
  0x00000203a9da53c0 WorkerThread "G1 Conc#1"                       [id=34628, stack(0x0000008ff0700000,0x0000008ff0800000) (1024K)]
  0x00000203a45bae50 ConcurrentGCThread "G1 Refine#0"               [id=21672, stack(0x0000008fee400000,0x0000008fee500000) (1024K)]
  0x00000203a45bb680 ConcurrentGCThread "G1 Service"                [id=1608, stack(0x0000008fee500000,0x0000008fee600000) (1024K)]
Total: 15

Threads with active compile tasks:
Total: 0

VM state: synchronizing (normal execution)

VM Mutex/Monitor currently owned by a thread:  ([mutex/lock_event])
[0x00007ffca113ffa8] Threads_lock - owner thread: 0x00000203a475b090

Heap address: 0x0000000703200000, size: 4046 MB, Compressed Oops mode: Zero based, Oop shift amount: 3

CDS archive(s) not mapped
Compressed class space mapped at: 0x0000000090000000-0x00000000d0000000, reserved size: 1073741824
Narrow klass base: 0x0000000000000000, Narrow klass shift: 0, Narrow klass range: 0xd0000000

GC Precious Log:
 CardTable entry size: 512
 Card Set container configuration: InlinePtr #cards 4 size 8 Array Of Cards #cards 16 size 48 Howl #buckets 8 coarsen threshold 3686 Howl Bitmap #cards 512 size 80 coarsen threshold 460 Card regions per heap region 1 cards per card region 4096
 CPUs: 8 total, 8 available
 Memory: 16180M
 Large Page Support: Disabled
 NUMA Support: Disabled
 Compressed Oops: Enabled (Zero based)
 Heap Region Size: 2M
 Heap Min Capacity: 8M
 Heap Initial Capacity: 254M
 Heap Max Capacity: 4046M
 Pre-touch: Disabled
 Parallel Workers: 8
 Concurrent Workers: 2
 Concurrent Refinement Workers: 8
 Periodic GC: Disabled

Heap:
 garbage-first heap   total reserved 4143104K, committed 116736K, used 65554K [0x0000000703200000, 0x0000000800000000)
  region size 2048K, 19 young (38912K), 0 survivors (0K)
 Metaspace       used 56795K, committed 57472K, reserved 1114112K
  class space    used 6958K, committed 7232K, reserved 1048576K

Heap Regions: E=young(eden), S=young(survivor), O=old, HS=humongous(starts), HC=humongous(continues), CS=collection set, F=free, TAMS=top-at-mark-start, PB=parsable bottom
|   0|0x0000000703200000, 0x0000000703400000, 0x0000000703400000|100%| O|  |TAMS 0x0000000703200000| PB 0x0000000703200000| Untracked |  0
|   1|0x0000000703400000, 0x00000007035fffe0, 0x0000000703600000| 99%| O|  |TAMS 0x0000000703400000| PB 0x0000000703400000| Untracked |  0
|   2|0x0000000703600000, 0x0000000703800000, 0x0000000703800000|100%| O|  |TAMS 0x0000000703600000| PB 0x0000000703600000| Untracked |  0
|   3|0x0000000703800000, 0x00000007039ffff0, 0x0000000703a00000| 99%| O|  |TAMS 0x0000000703800000| PB 0x0000000703800000| Untracked |  0
|   4|0x0000000703a00000, 0x0000000703bfffc8, 0x0000000703c00000| 99%| O|  |TAMS 0x0000000703a00000| PB 0x0000000703a00000| Untracked |  0
|   5|0x0000000703c00000, 0x0000000703e00000, 0x0000000703e00000|100%| O|  |TAMS 0x0000000703c00000| PB 0x0000000703c00000| Untracked |  0
|   6|0x0000000703e00000, 0x0000000703ff9168, 0x0000000704000000| 98%| O|  |TAMS 0x0000000703e00000| PB 0x0000000703e00000| Untracked |  0
|   7|0x0000000704000000, 0x0000000704200000, 0x0000000704200000|100%| O|  |TAMS 0x0000000704000000| PB 0x0000000704000000| Untracked |  0
|   8|0x0000000704200000, 0x00000007043fffa8, 0x0000000704400000| 99%| O|  |TAMS 0x0000000704200000| PB 0x0000000704200000| Untracked |  0
|   9|0x0000000704400000, 0x0000000704600000, 0x0000000704600000|100%| O|  |TAMS 0x0000000704400000| PB 0x0000000704400000| Untracked |  0
|  10|0x0000000704600000, 0x00000007047ffff8, 0x0000000704800000| 99%| O|  |TAMS 0x0000000704600000| PB 0x0000000704600000| Untracked |  0
|  11|0x0000000704800000, 0x00000007049fffe0, 0x0000000704a00000| 99%| O|  |TAMS 0x0000000704800000| PB 0x0000000704800000| Untracked |  0
|  12|0x0000000704a00000, 0x0000000704bffff0, 0x0000000704c00000| 99%| O|  |TAMS 0x0000000704a00000| PB 0x0000000704a00000| Untracked |  0
|  13|0x0000000704c00000, 0x0000000704c0ad38, 0x0000000704e00000|  2%| O|  |TAMS 0x0000000704c00000| PB 0x0000000704c00000| Untracked |  0
|  14|0x0000000704e00000, 0x0000000704ffff98, 0x0000000705000000| 99%| O|  |TAMS 0x0000000704e00000| PB 0x0000000704e00000| Untracked |  0
|  15|0x0000000705000000, 0x00000007051974a8, 0x0000000705200000| 79%| O|  |TAMS 0x0000000705000000| PB 0x0000000705000000| Untracked |  0
|  16|0x0000000705200000, 0x0000000705233bb8, 0x0000000705400000| 10%| O|  |TAMS 0x0000000705200000| PB 0x0000000705200000| Untracked |  0
|  17|0x0000000705400000, 0x0000000705400000, 0x0000000705600000|  0%| F|  |TAMS 0x0000000705400000| PB 0x0000000705400000| Untracked |  0
|  18|0x0000000705600000, 0x0000000705635be8, 0x0000000705800000| 10%| O|  |TAMS 0x0000000705600000| PB 0x0000000705600000| Untracked |  0
|  19|0x0000000705800000, 0x0000000705800000, 0x0000000705a00000|  0%| F|  |TAMS 0x0000000705800000| PB 0x0000000705800000| Untracked |  0
|  20|0x0000000705a00000, 0x0000000705a00000, 0x0000000705c00000|  0%| F|  |TAMS 0x0000000705a00000| PB 0x0000000705a00000| Untracked |  0
|  21|0x0000000705c00000, 0x0000000705c00000, 0x0000000705e00000|  0%| F|  |TAMS 0x0000000705c00000| PB 0x0000000705c00000| Untracked |  0
|  22|0x0000000705e00000, 0x0000000705e00000, 0x0000000706000000|  0%| F|  |TAMS 0x0000000705e00000| PB 0x0000000705e00000| Untracked |  0
|  23|0x0000000706000000, 0x0000000706000000, 0x0000000706200000|  0%| F|  |TAMS 0x0000000706000000| PB 0x0000000706000000| Untracked |  0
|  24|0x0000000706200000, 0x0000000706200000, 0x0000000706400000|  0%| F|  |TAMS 0x0000000706200000| PB 0x0000000706200000| Untracked |  0
|  25|0x0000000706400000, 0x0000000706400000, 0x0000000706600000|  0%| F|  |TAMS 0x0000000706400000| PB 0x0000000706400000| Untracked |  0
|  26|0x0000000706600000, 0x0000000706600000, 0x0000000706800000|  0%| F|  |TAMS 0x0000000706600000| PB 0x0000000706600000| Untracked |  0
|  27|0x0000000706800000, 0x0000000706800000, 0x0000000706a00000|  0%| F|  |TAMS 0x0000000706800000| PB 0x0000000706800000| Untracked |  0
|  28|0x0000000706a00000, 0x0000000706a00000, 0x0000000706c00000|  0%| F|  |TAMS 0x0000000706a00000| PB 0x0000000706a00000| Untracked |  0
|  29|0x0000000706c00000, 0x0000000706c00000, 0x0000000706e00000|  0%| F|  |TAMS 0x0000000706c00000| PB 0x0000000706c00000| Untracked |  0
|  30|0x0000000706e00000, 0x0000000706e00000, 0x0000000707000000|  0%| F|  |TAMS 0x0000000706e00000| PB 0x0000000706e00000| Untracked |  0
|  31|0x0000000707000000, 0x0000000707000000, 0x0000000707200000|  0%| F|  |TAMS 0x0000000707000000| PB 0x0000000707000000| Untracked |  0
|  32|0x0000000707200000, 0x0000000707200000, 0x0000000707400000|  0%| F|  |TAMS 0x0000000707200000| PB 0x0000000707200000| Untracked |  0
|  33|0x0000000707400000, 0x0000000707400000, 0x0000000707600000|  0%| F|  |TAMS 0x0000000707400000| PB 0x0000000707400000| Untracked |  0
|  34|0x0000000707600000, 0x0000000707600000, 0x0000000707800000|  0%| F|  |TAMS 0x0000000707600000| PB 0x0000000707600000| Untracked |  0
|  35|0x0000000707800000, 0x0000000707800000, 0x0000000707a00000|  0%| F|  |TAMS 0x0000000707800000| PB 0x0000000707800000| Untracked |  0
|  36|0x0000000707a00000, 0x0000000707a00000, 0x0000000707c00000|  0%| F|  |TAMS 0x0000000707a00000| PB 0x0000000707a00000| Untracked |  0
|  37|0x0000000707c00000, 0x0000000707c00000, 0x0000000707e00000|  0%| F|  |TAMS 0x0000000707c00000| PB 0x0000000707c00000| Untracked |  0
|  38|0x0000000707e00000, 0x0000000707f08218, 0x0000000708000000| 51%| E|  |TAMS 0x0000000707e00000| PB 0x0000000707e00000| Complete |  0
|  39|0x0000000708000000, 0x0000000708200000, 0x0000000708200000|100%| E|CS|TAMS 0x0000000708000000| PB 0x0000000708000000| Complete |  0
|  40|0x0000000708200000, 0x0000000708400000, 0x0000000708400000|100%| E|CS|TAMS 0x0000000708200000| PB 0x0000000708200000| Complete |  0
|  41|0x0000000708400000, 0x0000000708600000, 0x0000000708600000|100%| E|CS|TAMS 0x0000000708400000| PB 0x0000000708400000| Complete |  0
|  42|0x0000000708600000, 0x0000000708800000, 0x0000000708800000|100%| E|CS|TAMS 0x0000000708600000| PB 0x0000000708600000| Complete |  0
|  43|0x0000000708800000, 0x0000000708a00000, 0x0000000708a00000|100%| E|CS|TAMS 0x0000000708800000| PB 0x0000000708800000| Complete |  0
|  44|0x0000000708a00000, 0x0000000708c00000, 0x0000000708c00000|100%| E|CS|TAMS 0x0000000708a00000| PB 0x0000000708a00000| Complete |  0
|  45|0x0000000708c00000, 0x0000000708e00000, 0x0000000708e00000|100%| E|CS|TAMS 0x0000000708c00000| PB 0x0000000708c00000| Complete |  0
|  46|0x0000000708e00000, 0x0000000709000000, 0x0000000709000000|100%| E|CS|TAMS 0x0000000708e00000| PB 0x0000000708e00000| Complete |  0
|  47|0x0000000709000000, 0x0000000709200000, 0x0000000709200000|100%| E|CS|TAMS 0x0000000709000000| PB 0x0000000709000000| Complete |  0
|  48|0x0000000709200000, 0x0000000709400000, 0x0000000709400000|100%| E|CS|TAMS 0x0000000709200000| PB 0x0000000709200000| Complete |  0
|  49|0x0000000709400000, 0x0000000709600000, 0x0000000709600000|100%| E|CS|TAMS 0x0000000709400000| PB 0x0000000709400000| Complete |  0
|  50|0x0000000709600000, 0x0000000709800000, 0x0000000709800000|100%| E|CS|TAMS 0x0000000709600000| PB 0x0000000709600000| Complete |  0
|  51|0x0000000709800000, 0x0000000709a00000, 0x0000000709a00000|100%| E|CS|TAMS 0x0000000709800000| PB 0x0000000709800000| Complete |  0
|  52|0x0000000709a00000, 0x0000000709c00000, 0x0000000709c00000|100%| E|CS|TAMS 0x0000000709a00000| PB 0x0000000709a00000| Complete |  0
|  53|0x0000000709c00000, 0x0000000709e00000, 0x0000000709e00000|100%| E|  |TAMS 0x0000000709c00000| PB 0x0000000709c00000| Complete |  0
|  54|0x0000000709e00000, 0x000000070a000000, 0x000000070a000000|100%| E|CS|TAMS 0x0000000709e00000| PB 0x0000000709e00000| Complete |  0
|  55|0x000000070a000000, 0x000000070a200000, 0x000000070a200000|100%| E|CS|TAMS 0x000000070a000000| PB 0x000000070a000000| Complete |  0
|  56|0x000000070a200000, 0x000000070a400000, 0x000000070a400000|100%| E|CS|TAMS 0x000000070a200000| PB 0x000000070a200000| Complete |  0

Card table byte_map: [0x000002039d500000,0x000002039dcf0000] _byte_map_base: 0x0000020399ce7000

Marking Bits: (CMBitMap*) 0x0000020395981020
 Bits: [0x000002039dcf0000, 0x00000203a1c28000)

Polling page: 0x0000020399410000

Metaspace:

Usage:
  Non-class:     48.67 MB used.
      Class:      6.80 MB used.
       Both:     55.46 MB used.

Virtual space:
  Non-class space:       64.00 MB reserved,      49.06 MB ( 77%) committed,  1 nodes.
      Class space:        1.00 GB reserved,       7.06 MB ( <1%) committed,  1 nodes.
             Both:        1.06 GB reserved,      56.12 MB (  5%) committed. 

Chunk freelists:
   Non-Class:  14.73 MB
       Class:  8.95 MB
        Both:  23.68 MB

MaxMetaspaceSize: unlimited
CompressedClassSpaceSize: 1.00 GB
Initial GC threshold: 21.00 MB
Current GC threshold: 93.25 MB
CDS: off
 - commit_granule_bytes: 65536.
 - commit_granule_words: 8192.
 - virtual_space_node_default_size: 8388608.
 - enlarge_chunks_in_place: 1.
 - use_allocation_guard: 0.


Internal statistics:

num_allocs_failed_limit: 6.
num_arena_births: 2094.
num_arena_deaths: 1398.
num_vsnodes_births: 2.
num_vsnodes_deaths: 0.
num_space_committed: 898.
num_space_uncommitted: 0.
num_chunks_returned_to_freelist: 1694.
num_chunks_taken_from_freelist: 4548.
num_chunk_merges: 319.
num_chunk_splits: 2262.
num_chunks_enlarged: 1522.
num_inconsistent_stats: 0.

CodeCache: size=49152Kb used=17519Kb max_used=17913Kb free=31632Kb
 bounds [0x0000020399430000, 0x000002039a6e0000, 0x000002039c430000]
 total_blobs=7814 nmethods=7173 adapters=561
 compilation: enabled
              stopped_count=0, restarted_count=0
 full_count=0

Compilation events (20 events):
Event: 3738.766 Thread 0x00000203a48045f0 14203       1       java.util.concurrent.locks.ReentrantReadWriteLock$Sync::<init> (24 bytes)
Event: 3738.766 Thread 0x00000203aa04b9a0 14205       1       java.util.concurrent.locks.ReentrantReadWriteLock$ReadLock::<init> (13 bytes)
Event: 3738.767 Thread 0x00000203aa04b9a0 nmethod 14205 0x0000020399d1a810 code [0x0000020399d1a9a0, 0x0000020399d1aac8]
Event: 3738.767 Thread 0x00000203ab900560 nmethod 14204 0x0000020399d1a510 code [0x0000020399d1a6a0, 0x0000020399d1a788]
Event: 3738.767 Thread 0x00000203aa04b9a0 14206       1       java.util.concurrent.locks.ReentrantReadWriteLock$WriteLock::<init> (13 bytes)
Event: 3738.767 Thread 0x00000203a48045f0 nmethod 14203 0x0000020399d1a110 code [0x0000020399d1a2a0, 0x0000020399d1a438]
Event: 3738.767 Thread 0x00000203aa04b9a0 nmethod 14206 0x0000020399d19d90 code [0x0000020399d19f20, 0x0000020399d1a048]
Event: 3738.767 Thread 0x00000203aa8020c0 nmethod 14202 0x000002039a35a610 code [0x000002039a35a7e0, 0x000002039a35adb8]
Event: 3738.767 Thread 0x00000203a48045f0 14207       1       org.apache.catalina.core.DefaultInstanceManager::findPostConstruct (9 bytes)
Event: 3738.767 Thread 0x00000203aa8020c0 14208       1       org.apache.catalina.core.DefaultInstanceManager::findPreDestroy (9 bytes)
Event: 3738.768 Thread 0x00000203aa8020c0 nmethod 14208 0x0000020399d19a90 code [0x0000020399d19c20, 0x0000020399d19d08]
Event: 3738.768 Thread 0x00000203a48045f0 nmethod 14207 0x0000020399d19510 code [0x0000020399d196a0, 0x0000020399d19788]
Event: 3738.772 Thread 0x00000203a48045f0 14209       1       java.lang.reflect.Field::set (43 bytes)
Event: 3738.772 Thread 0x00000203ab900560 14210   !   1       jdk.internal.reflect.MethodHandleObjectFieldAccessorImpl::set (70 bytes)
Event: 3738.772 Thread 0x00000203aa8020c0 14211       1       jdk.internal.reflect.MethodHandleFieldAccessorImpl::ensureObj (30 bytes)
Event: 3738.772 Thread 0x00000203aa04b9a0 14212       1       jdk.internal.reflect.MethodHandleFieldAccessorImpl::isReadOnly (16 bytes)
Event: 3738.772 Thread 0x00000203aa04b9a0 nmethod 14212 0x000002039a35a310 code [0x000002039a35a4a0, 0x000002039a35a580]
Event: 3738.773 Thread 0x00000203a48045f0 nmethod 14209 0x000002039a359c90 code [0x000002039a359e80, 0x000002039a35a148]
Event: 3738.773 Thread 0x00000203aa8020c0 nmethod 14211 0x000002039a359590 code [0x000002039a359760, 0x000002039a359a08]
Event: 3738.774 Thread 0x00000203ab900560 nmethod 14210 0x000002039a357f10 code [0x000002039a358200, 0x000002039a358ad8]

GC Heap History (20 events):
Event: 3595.811 GC heap before
{Heap before GC invocations=265 (full 8):
 garbage-first heap   total reserved 4143104K, committed 131072K, used 115378K [0x0000000703200000, 0x0000000800000000)
  region size 2048K, 31 young (63488K), 3 survivors (6144K)
 Metaspace       used 55792K, committed 56640K, reserved 1114112K
  class space    used 6837K, committed 7168K, reserved 1048576K
}
Event: 3595.813 GC heap after
{Heap after GC invocations=266 (full 8):
 garbage-first heap   total reserved 4143104K, committed 131072K, used 56928K [0x0000000703200000, 0x0000000800000000)
  region size 2048K, 1 young (2048K), 1 survivors (2048K)
 Metaspace       used 55792K, committed 56640K, reserved 1114112K
  class space    used 6837K, committed 7168K, reserved 1048576K
}
Event: 3612.366 GC heap before
{Heap before GC invocations=266 (full 8):
 garbage-first heap   total reserved 4143104K, committed 131072K, used 118368K [0x0000000703200000, 0x0000000800000000)
  region size 2048K, 31 young (63488K), 1 survivors (2048K)
 Metaspace       used 55792K, committed 56640K, reserved 1114112K
  class space    used 6837K, committed 7168K, reserved 1048576K
}
Event: 3612.367 GC heap after
{Heap after GC invocations=267 (full 8):
 garbage-first heap   total reserved 4143104K, committed 131072K, used 56325K [0x0000000703200000, 0x0000000800000000)
  region size 2048K, 1 young (2048K), 1 survivors (2048K)
 Metaspace       used 55792K, committed 56640K, reserved 1114112K
  class space    used 6837K, committed 7168K, reserved 1048576K
}
Event: 3628.624 GC heap before
{Heap before GC invocations=268 (full 8):
 garbage-first heap   total reserved 4143104K, committed 131072K, used 113669K [0x0000000703200000, 0x0000000800000000)
  region size 2048K, 31 young (63488K), 1 survivors (2048K)
 Metaspace       used 55781K, committed 56640K, reserved 1114112K
  class space    used 6834K, committed 7168K, reserved 1048576K
}
Event: 3628.625 GC heap after
{Heap after GC invocations=269 (full 8):
 garbage-first heap   total reserved 4143104K, committed 131072K, used 52160K [0x0000000703200000, 0x0000000800000000)
  region size 2048K, 1 young (2048K), 1 survivors (2048K)
 Metaspace       used 55781K, committed 56640K, reserved 1114112K
  class space    used 6834K, committed 7168K, reserved 1048576K
}
Event: 3647.053 GC heap before
{Heap before GC invocations=269 (full 8):
 garbage-first heap   total reserved 4143104K, committed 131072K, used 117696K [0x0000000703200000, 0x0000000800000000)
  region size 2048K, 33 young (67584K), 1 survivors (2048K)
 Metaspace       used 55795K, committed 56640K, reserved 1114112K
  class space    used 6838K, committed 7168K, reserved 1048576K
}
Event: 3647.056 GC heap after
{Heap after GC invocations=270 (full 8):
 garbage-first heap   total reserved 4143104K, committed 131072K, used 44461K [0x0000000703200000, 0x0000000800000000)
  region size 2048K, 3 young (6144K), 3 survivors (6144K)
 Metaspace       used 55795K, committed 56640K, reserved 1114112K
  class space    used 6838K, committed 7168K, reserved 1048576K
}
Event: 3668.505 GC heap before
{Heap before GC invocations=270 (full 8):
 garbage-first heap   total reserved 4143104K, committed 131072K, used 112045K [0x0000000703200000, 0x0000000800000000)
  region size 2048K, 36 young (73728K), 3 survivors (6144K)
 Metaspace       used 55795K, committed 56640K, reserved 1114112K
  class space    used 6838K, committed 7168K, reserved 1048576K
}
Event: 3668.507 GC heap after
{Heap after GC invocations=271 (full 8):
 garbage-first heap   total reserved 4143104K, committed 131072K, used 42828K [0x0000000703200000, 0x0000000800000000)
  region size 2048K, 2 young (4096K), 2 survivors (4096K)
 Metaspace       used 55795K, committed 56640K, reserved 1114112K
  class space    used 6838K, committed 7168K, reserved 1048576K
}
Event: 3687.407 GC heap before
{Heap before GC invocations=271 (full 8):
 garbage-first heap   total reserved 4143104K, committed 131072K, used 114508K [0x0000000703200000, 0x0000000800000000)
  region size 2048K, 37 young (75776K), 2 survivors (4096K)
 Metaspace       used 55795K, committed 56640K, reserved 1114112K
  class space    used 6838K, committed 7168K, reserved 1048576K
}
Event: 3687.409 GC heap after
{Heap after GC invocations=272 (full 8):
 garbage-first heap   total reserved 4143104K, committed 131072K, used 45115K [0x0000000703200000, 0x0000000800000000)
  region size 2048K, 3 young (6144K), 3 survivors (6144K)
 Metaspace       used 55795K, committed 56640K, reserved 1114112K
  class space    used 6838K, committed 7168K, reserved 1048576K
}
Event: 3711.889 GC heap before
{Heap before GC invocations=272 (full 8):
 garbage-first heap   total reserved 4143104K, committed 131072K, used 112699K [0x0000000703200000, 0x0000000800000000)
  region size 2048K, 36 young (73728K), 3 survivors (6144K)
 Metaspace       used 55795K, committed 56640K, reserved 1114112K
  class space    used 6838K, committed 7168K, reserved 1048576K
}
Event: 3711.893 GC heap after
{Heap after GC invocations=273 (full 8):
 garbage-first heap   total reserved 4143104K, committed 131072K, used 48539K [0x0000000703200000, 0x0000000800000000)
  region size 2048K, 4 young (8192K), 4 survivors (8192K)
 Metaspace       used 55795K, committed 56640K, reserved 1114112K
  class space    used 6838K, committed 7168K, reserved 1048576K
}
Event: 3712.755 GC heap before
{Heap before GC invocations=273 (full 8):
 garbage-first heap   total reserved 4143104K, committed 131072K, used 56731K [0x0000000703200000, 0x0000000800000000)
  region size 2048K, 9 young (18432K), 4 survivors (8192K)
 Metaspace       used 55798K, committed 56640K, reserved 1114112K
  class space    used 6838K, committed 7168K, reserved 1048576K
}
Event: 3712.803 GC heap after
{Heap after GC invocations=274 (full 9):
 garbage-first heap   total reserved 4143104K, committed 116736K, used 30105K [0x0000000703200000, 0x0000000800000000)
  region size 2048K, 0 young (0K), 0 survivors (0K)
 Metaspace       used 55781K, committed 56640K, reserved 1114112K
  class space    used 6834K, committed 7168K, reserved 1048576K
}
Event: 3721.276 GC heap before
{Heap before GC invocations=274 (full 9):
 garbage-first heap   total reserved 4143104K, committed 116736K, used 95641K [0x0000000703200000, 0x0000000800000000)
  region size 2048K, 33 young (67584K), 0 survivors (0K)
 Metaspace       used 56604K, committed 57280K, reserved 1114112K
  class space    used 6947K, committed 7232K, reserved 1048576K
}
Event: 3721.282 GC heap after
{Heap after GC invocations=275 (full 9):
 garbage-first heap   total reserved 4143104K, committed 116736K, used 37802K [0x0000000703200000, 0x0000000800000000)
  region size 2048K, 4 young (8192K), 4 survivors (8192K)
 Metaspace       used 56604K, committed 57280K, reserved 1114112K
  class space    used 6947K, committed 7232K, reserved 1048576K
}
Event: 3738.158 GC heap before
{Heap before GC invocations=275 (full 9):
 garbage-first heap   total reserved 4143104K, committed 116736K, used 76714K [0x0000000703200000, 0x0000000800000000)
  region size 2048K, 24 young (49152K), 4 survivors (8192K)
 Metaspace       used 56608K, committed 57280K, reserved 1114112K
  class space    used 6948K, committed 7232K, reserved 1048576K
}
Event: 3738.200 GC heap after
{Heap after GC invocations=276 (full 10):
 garbage-first heap   total reserved 4143104K, committed 116736K, used 30738K [0x0000000703200000, 0x0000000800000000)
  region size 2048K, 0 young (0K), 0 survivors (0K)
 Metaspace       used 56559K, committed 57280K, reserved 1114112K
  class space    used 6935K, committed 7232K, reserved 1048576K
}

Dll operation events (12 events):
Event: 0.041 Loaded shared library C:\Users\pedro\.p2\pool\plugins\org.eclipse.justj.openjdk.hotspot.jre.full.win32.x86_64_22.0.1.v20240426-1149\jre\bin\java.dll
Event: 0.061 Loaded shared library C:\Users\pedro\.p2\pool\plugins\org.eclipse.justj.openjdk.hotspot.jre.full.win32.x86_64_22.0.1.v20240426-1149\jre\bin\zip.dll
Event: 0.858 Loaded shared library C:\Users\pedro\.p2\pool\plugins\org.eclipse.justj.openjdk.hotspot.jre.full.win32.x86_64_22.0.1.v20240426-1149\jre\bin\instrument.dll
Event: 0.892 Loaded shared library C:\Users\pedro\.p2\pool\plugins\org.eclipse.justj.openjdk.hotspot.jre.full.win32.x86_64_22.0.1.v20240426-1149\jre\bin\net.dll
Event: 0.896 Loaded shared library C:\Users\pedro\.p2\pool\plugins\org.eclipse.justj.openjdk.hotspot.jre.full.win32.x86_64_22.0.1.v20240426-1149\jre\bin\nio.dll
Event: 0.917 Loaded shared library C:\Users\pedro\.p2\pool\plugins\org.eclipse.justj.openjdk.hotspot.jre.full.win32.x86_64_22.0.1.v20240426-1149\jre\bin\zip.dll
Event: 1.270 Loaded shared library C:\Users\pedro\.p2\pool\plugins\org.eclipse.justj.openjdk.hotspot.jre.full.win32.x86_64_22.0.1.v20240426-1149\jre\bin\jimage.dll
Event: 1.387 Loaded shared library C:\Users\pedro\.p2\pool\plugins\org.eclipse.justj.openjdk.hotspot.jre.full.win32.x86_64_22.0.1.v20240426-1149\jre\bin\management.dll
Event: 1.423 Loaded shared library C:\Users\pedro\.p2\pool\plugins\org.eclipse.justj.openjdk.hotspot.jre.full.win32.x86_64_22.0.1.v20240426-1149\jre\bin\management_ext.dll
Event: 1.999 Loaded shared library C:\Users\pedro\.p2\pool\plugins\org.eclipse.justj.openjdk.hotspot.jre.full.win32.x86_64_22.0.1.v20240426-1149\jre\bin\extnet.dll
Event: 2.051 Loaded shared library C:\Users\pedro\.p2\pool\plugins\org.eclipse.justj.openjdk.hotspot.jre.full.win32.x86_64_22.0.1.v20240426-1149\jre\bin\verify.dll
Event: 5.526 Loaded shared library C:\Users\pedro\.p2\pool\plugins\org.eclipse.justj.openjdk.hotspot.jre.full.win32.x86_64_22.0.1.v20240426-1149\jre\bin\sunmscapi.dll

Deoptimization events (20 events):
Event: 3738.776 Thread 0x00000203a9d7c450 DEOPT PACKING pc=0x0000020399c177ec sp=0x0000008fef0fcfe0
Event: 3738.776 Thread 0x00000203a9d7c450 DEOPT UNPACKING pc=0x0000020399484e42 sp=0x0000008fef0fc518 mode 1
Event: 3738.776 Thread 0x00000203a9d7c450 DEOPT PACKING pc=0x0000020399c1883c sp=0x0000008fef0fd0d0
Event: 3738.776 Thread 0x00000203a9d7c450 DEOPT UNPACKING pc=0x0000020399484e42 sp=0x0000008fef0fc688 mode 1
Event: 3738.776 Thread 0x00000203a9d7c450 DEOPT PACKING pc=0x0000020399c1ac7c sp=0x0000008fef0fd240
Event: 3738.776 Thread 0x00000203a9d7c450 DEOPT UNPACKING pc=0x0000020399484e42 sp=0x0000008fef0fc800 mode 1
Event: 3738.776 Thread 0x00000203a9d7c450 DEOPT PACKING pc=0x0000020399c177ec sp=0x0000008fef0fcfe0
Event: 3738.776 Thread 0x00000203a9d7c450 DEOPT UNPACKING pc=0x0000020399484e42 sp=0x0000008fef0fc518 mode 1
Event: 3738.776 Thread 0x00000203a9d7c450 DEOPT PACKING pc=0x0000020399c1883c sp=0x0000008fef0fd0d0
Event: 3738.776 Thread 0x00000203a9d7c450 DEOPT UNPACKING pc=0x0000020399484e42 sp=0x0000008fef0fc688 mode 1
Event: 3738.776 Thread 0x00000203a9d7c450 DEOPT PACKING pc=0x0000020399c1ac7c sp=0x0000008fef0fd240
Event: 3738.776 Thread 0x00000203a9d7c450 DEOPT UNPACKING pc=0x0000020399484e42 sp=0x0000008fef0fc800 mode 1
Event: 3738.777 Thread 0x00000203a9d7c450 DEOPT PACKING pc=0x0000020399c177ec sp=0x0000008fef0fcfe0
Event: 3738.777 Thread 0x00000203a9d7c450 DEOPT UNPACKING pc=0x0000020399484e42 sp=0x0000008fef0fc518 mode 1
Event: 3738.777 Thread 0x00000203a9d7c450 DEOPT PACKING pc=0x0000020399c1883c sp=0x0000008fef0fd0d0
Event: 3738.777 Thread 0x00000203a9d7c450 DEOPT UNPACKING pc=0x0000020399484e42 sp=0x0000008fef0fc688 mode 1
Event: 3738.777 Thread 0x00000203a9d7c450 DEOPT PACKING pc=0x0000020399c1ac7c sp=0x0000008fef0fd240
Event: 3738.777 Thread 0x00000203a9d7c450 DEOPT UNPACKING pc=0x0000020399484e42 sp=0x0000008fef0fc800 mode 1
Event: 3741.385 Thread 0x00000203a9d7c450 DEOPT PACKING pc=0x0000020399868c7c sp=0x0000008fef0fde60
Event: 3741.385 Thread 0x00000203a9d7c450 DEOPT UNPACKING pc=0x0000020399484e42 sp=0x0000008fef0fd318 mode 0

Classes loaded (20 events):
Event: 1260.102 Loading class java/lang/ref/Finalizer$1
Event: 1260.102 Loading class java/lang/ref/Finalizer$1 done
Event: 1265.480 Loading class java/time/DurationEditor
Event: 1265.480 Loading class java/time/DurationEditor done
Event: 1413.308 Loading class java/time/DurationEditor
Event: 1413.308 Loading class java/time/DurationEditor done
Event: 1434.082 Loading class sun/reflect/Reflection
Event: 1434.082 Loading class sun/reflect/Reflection done
Event: 1434.088 Loading class jdk/internal/loader/BootLoader$PackageHelper
Event: 1434.089 Loading class jdk/internal/loader/BootLoader$PackageHelper done
Event: 1592.409 Loading class java/time/DurationEditor
Event: 1592.409 Loading class java/time/DurationEditor done
Event: 1846.684 Loading class java/time/DurationEditor
Event: 1846.684 Loading class java/time/DurationEditor done
Event: 2071.533 Loading class java/time/DurationEditor
Event: 2071.533 Loading class java/time/DurationEditor done
Event: 2144.520 Loading class java/time/DurationEditor
Event: 2144.520 Loading class java/time/DurationEditor done
Event: 3716.359 Loading class java/time/DurationEditor
Event: 3716.359 Loading class java/time/DurationEditor done

Classes unloaded (20 events):
Event: 3738.172 Thread 0x00000203a475b090 Unloading class 0x00000000906ee400 'java/lang/invoke/LambdaForm$MH+0x00000000906ee400'
Event: 3738.172 Thread 0x00000203a475b090 Unloading class 0x00000000906edc00 'java/lang/invoke/LambdaForm$MH+0x00000000906edc00'
Event: 3738.172 Thread 0x00000203a475b090 Unloading class 0x00000000906ed400 'java/lang/invoke/LambdaForm$MH+0x00000000906ed400'
Event: 3738.172 Thread 0x00000203a475b090 Unloading class 0x00000000906ec800 'java/lang/invoke/LambdaForm$MH+0x00000000906ec800'
Event: 3738.172 Thread 0x00000203a475b090 Unloading class 0x00000000906ebc00 'java/lang/invoke/LambdaForm$MH+0x00000000906ebc00'
Event: 3738.172 Thread 0x00000203a475b090 Unloading class 0x00000000906eb800 'java/lang/invoke/LambdaForm$MH+0x00000000906eb800'
Event: 3738.172 Thread 0x00000203a475b090 Unloading class 0x00000000906ea800 'java/lang/invoke/LambdaForm$MH+0x00000000906ea800'
Event: 3738.172 Thread 0x00000203a475b090 Unloading class 0x00000000906ea400 'java/lang/invoke/LambdaForm$MH+0x00000000906ea400'
Event: 3738.172 Thread 0x00000203a475b090 Unloading class 0x00000000906e9400 'java/lang/invoke/LambdaForm$MH+0x00000000906e9400'
Event: 3738.172 Thread 0x00000203a475b090 Unloading class 0x00000000906e8800 'java/lang/invoke/LambdaForm$MH+0x00000000906e8800'
Event: 3738.172 Thread 0x00000203a475b090 Unloading class 0x00000000906f9000 'org/apache/catalina/loader/JdbcLeakPrevention'
Event: 3738.172 Thread 0x00000203a475b090 Unloading class 0x0000000090601c00 'java/lang/invoke/LambdaForm$MH+0x0000000090601c00'
Event: 3738.172 Thread 0x00000203a475b090 Unloading class 0x000000009065e800 'java/lang/invoke/LambdaForm$MH+0x000000009065e800'
Event: 3738.172 Thread 0x00000203a475b090 Unloading class 0x00000000906ccc00 'java/lang/invoke/LambdaForm$MH+0x00000000906ccc00'
Event: 3738.172 Thread 0x00000203a475b090 Unloading class 0x00000000906d1c00 'java/lang/invoke/LambdaForm$MH+0x00000000906d1c00'
Event: 3738.172 Thread 0x00000203a475b090 Unloading class 0x00000000906d2c00 'java/lang/invoke/LambdaForm$MH+0x00000000906d2c00'
Event: 3738.172 Thread 0x00000203a475b090 Unloading class 0x00000000906d5400 'java/lang/invoke/LambdaForm$MH+0x00000000906d5400'
Event: 3738.172 Thread 0x00000203a475b090 Unloading class 0x00000000906d7800 'java/lang/invoke/LambdaForm$MH+0x00000000906d7800'
Event: 3738.172 Thread 0x00000203a475b090 Unloading class 0x00000000906b8c00 'java/lang/invoke/LambdaForm$DMH+0x00000000906b8c00'
Event: 3738.172 Thread 0x00000203a475b090 Unloading class 0x00000000906acc00 'java/lang/invoke/LambdaForm$DMH+0x00000000906acc00'

Classes redefined (17 events):
Event: 1267.777 Thread 0x00000203a475b090 redefined class name=com.ayalait.gesventas.controller.ConfiguracionController, count=1
Event: 1267.777 Thread 0x00000203a475b090 redefined class name=com.ayalait.gesventas.controller.ConfiguracionController, count=1
Event: 1423.350 Thread 0x00000203a475b090 redefined class name=com.ayalait.gesventas.controller.ConfiguracionController, count=2
Event: 1423.350 Thread 0x00000203a475b090 redefined class name=com.ayalait.gesventas.controller.ConfiguracionController, count=2
Event: 1423.350 Thread 0x00000203a475b090 redefined class name=com.ayalait.gesventas.controller.ConfiguracionController, count=1
Event: 2071.291 Thread 0x00000203a475b090 redefined class name=com.ayalait.gesventas.service.wsConfiguracion$1, count=1
Event: 2071.291 Thread 0x00000203a475b090 redefined class name=com.ayalait.gesventas.service.wsConfiguracion$1, count=1
Event: 2071.291 Thread 0x00000203a475b090 redefined class name=com.ayalait.gesventas.service.wsConfiguracion$1, count=1
Event: 2071.291 Thread 0x00000203a475b090 redefined class name=com.ayalait.gesventas.service.wsConfiguracion, count=1
Event: 2071.291 Thread 0x00000203a475b090 redefined class name=com.ayalait.gesventas.service.wsConfiguracion, count=1
Event: 2071.292 Thread 0x00000203a475b090 redefined class name=com.ayalait.gesventas.service.wsConfiguracion, count=1
Event: 2071.292 Thread 0x00000203a475b090 redefined class name=com.ayalait.gesventas.service.wsConfiguracion, count=1
Event: 2071.292 Thread 0x00000203a475b090 redefined class name=com.ayalait.gesventas.service.wsConfiguracion, count=1
Event: 2071.292 Thread 0x00000203a475b090 redefined class name=com.ayalait.gesventas.service.wsConfiguracion, count=1
Event: 2071.292 Thread 0x00000203a475b090 redefined class name=com.ayalait.gesventas.service.wsConfiguracion, count=1
Event: 2071.292 Thread 0x00000203a475b090 redefined class name=com.ayalait.gesventas.service.wsConfiguracion, count=1
Event: 2071.292 Thread 0x00000203a475b090 redefined class name=com.ayalait.gesventas.service.wsConfiguracion$1, count=1

Internal exceptions (20 events):
Event: 3602.691 Thread 0x00000203a9cbc0d0 Exception <a 'java/lang/NoSuchMethodError'{0x0000000709915ae8}: static [B.<clinit>()V> (0x0000000709915ae8) 
thrown [s\src\hotspot\share\prims\jni.cpp, line 1111]
Event: 3640.718 Thread 0x00000203a9d7aa10 Exception <a 'java/lang/NoSuchMethodError'{0x0000000707f08e08}: 'void java.lang.invoke.DelegatingMethodHandle$Holder.reinvoke_L(java.lang.Object, java.lang.Object, int)'> (0x0000000707f08e08) 
thrown [s\src\hotspot\share\interpreter\linkResolver.cpp, line 774]
Event: 3712.753 Thread 0x00000203a9d7d170 Exception <a 'java/lang/InterruptedException'{0x000000070a952658}: sleep interrupted> (0x000000070a952658) 
thrown [s\src\hotspot\share\prims\jvm.cpp, line 3093]
Event: 3712.839 Thread 0x00000203a99e0480 Exception <a 'sun/nio/fs/WindowsException'{0x000000070a2ddef0}> (0x000000070a2ddef0) 
thrown [s\src\hotspot\share\prims\jni.cpp, line 520]
Event: 3712.915 Thread 0x00000203a99e0480 Exception <a 'java/lang/NoSuchMethodError'{0x000000070a158c60}: 'void java.lang.invoke.DelegatingMethodHandle$Holder.reinvoke_L(java.lang.Object, java.lang.Object, int)'> (0x000000070a158c60) 
thrown [s\src\hotspot\share\interpreter\linkResolver.cpp, line 774]
Event: 3713.466 Thread 0x00000203a99e0480 Exception <a 'java/lang/NoClassDefFoundError'{0x0000000708900a08}: org/flywaydb/core/Flyway> (0x0000000708900a08) 
thrown [s\src\hotspot\share\oops\constantPool.cpp, line 872]
Event: 3713.467 Thread 0x00000203a99e0480 Exception <a 'java/lang/NoClassDefFoundError'{0x0000000708901068}: liquibase/integration/spring/SpringLiquibase> (0x0000000708901068) 
thrown [s\src\hotspot\share\oops\constantPool.cpp, line 872]
Event: 3713.524 Thread 0x00000203a99e0480 Exception <a 'java/lang/NoSuchMethodError'{0x000000070841ad40}: 'int java.lang.invoke.DirectMethodHandle$Holder.invokeVirtual(java.lang.Object, java.lang.Object, java.lang.Object, java.lang.Object)'> (0x000000070841ad40) 
thrown [s\src\hotspot\share\interpreter\linkResolver.cpp, line 774]
Event: 3713.525 Thread 0x00000203a99e0480 Exception <a 'java/lang/NoSuchMethodError'{0x000000070841e328}: 'int java.lang.invoke.DelegatingMethodHandle$Holder.reinvoke_L(java.lang.Object, java.lang.Object, java.lang.Object, java.lang.Object)'> (0x000000070841e328) 
thrown [s\src\hotspot\share\interpreter\linkResolver.cpp, line 774]
Event: 3713.570 Thread 0x00000203a99e0480 Exception <a 'java/io/FileNotFoundException'{0x00000007081c6a48}> (0x00000007081c6a48) 
thrown [s\src\hotspot\share\prims\jni.cpp, line 520]
Event: 3713.570 Thread 0x00000203a99e0480 Exception <a 'java/io/FileNotFoundException'{0x00000007081c7d58}> (0x00000007081c7d58) 
thrown [s\src\hotspot\share\prims\jni.cpp, line 520]
Event: 3713.606 Thread 0x00000203a99e0480 Exception <a 'java/io/FileNotFoundException'{0x0000000707c9f688}> (0x0000000707c9f688) 
thrown [s\src\hotspot\share\prims\jni.cpp, line 520]
Event: 3716.506 Thread 0x00000203a99e0480 Exception <a 'java/net/BindException'{0x0000000706d0ba00}: Address already in use: bind> (0x0000000706d0ba00) 
thrown [s\src\hotspot\share\prims\jni.cpp, line 539]
Event: 3738.156 Thread 0x00000203a99e1ec0 Exception <a 'java/lang/InterruptedException'{0x0000000707c153c8}: sleep interrupted> (0x0000000707c153c8) 
thrown [s\src\hotspot\share\prims\jvm.cpp, line 3093]
Event: 3738.219 Thread 0x00000203a9d7c450 Exception <a 'sun/nio/fs/WindowsException'{0x000000070a28fc78}> (0x000000070a28fc78) 
thrown [s\src\hotspot\share\prims\jni.cpp, line 520]
Event: 3738.640 Thread 0x00000203a9d7c450 Exception <a 'java/lang/NoClassDefFoundError'{0x0000000708bc62e0}: org/flywaydb/core/Flyway> (0x0000000708bc62e0) 
thrown [s\src\hotspot\share\oops\constantPool.cpp, line 872]
Event: 3738.641 Thread 0x00000203a9d7c450 Exception <a 'java/lang/NoClassDefFoundError'{0x0000000708bc6940}: liquibase/integration/spring/SpringLiquibase> (0x0000000708bc6940) 
thrown [s\src\hotspot\share\oops\constantPool.cpp, line 872]
Event: 3738.726 Thread 0x00000203a9d7c450 Exception <a 'java/io/FileNotFoundException'{0x00000007083aec18}> (0x00000007083aec18) 
thrown [s\src\hotspot\share\prims\jni.cpp, line 520]
Event: 3738.726 Thread 0x00000203a9d7c450 Exception <a 'java/io/FileNotFoundException'{0x00000007083aff28}> (0x00000007083aff28) 
thrown [s\src\hotspot\share\prims\jni.cpp, line 520]
Event: 3738.767 Thread 0x00000203a9d7c450 Exception <a 'java/io/FileNotFoundException'{0x0000000707e7f6b0}> (0x0000000707e7f6b0) 
thrown [s\src\hotspot\share\prims\jni.cpp, line 520]

ZGC Phase Switch (0 events):
No events

VM Operations (20 events):
Event: 3739.452 Executing VM operation: get/set locals
Event: 3739.452 Executing VM operation: get/set locals done
Event: 3739.453 Executing VM operation: get/set locals
Event: 3739.453 Executing VM operation: get/set locals done
Event: 3739.454 Executing VM operation: get/set locals
Event: 3739.454 Executing VM operation: get/set locals done
Event: 3739.455 Executing VM operation: get/set locals
Event: 3739.455 Executing VM operation: get/set locals done
Event: 3739.459 Executing VM operation: get/set locals
Event: 3739.459 Executing VM operation: get/set locals done
Event: 3739.460 Executing VM operation: get/set locals
Event: 3739.460 Executing VM operation: get/set locals done
Event: 3739.460 Executing VM operation: get/set locals
Event: 3739.460 Executing VM operation: get/set locals done
Event: 3739.462 Executing VM operation: get/set locals
Event: 3739.462 Executing VM operation: get/set locals done
Event: 3741.384 Executing VM operation: ChangeSingleStep
Event: 3741.384 Executing VM operation: ChangeSingleStep done
Event: 3741.385 Executing VM operation: ChangeSingleStep
Event: 3741.385 Executing VM operation: ChangeSingleStep done

Events (20 events):
Event: 3738.155 Thread 0x00000203a99e4cb0 Thread exited: 0x00000203a99e4cb0
Event: 3738.155 Thread 0x00000203a99e6060 Thread exited: 0x00000203a99e6060
Event: 3738.155 Thread 0x00000203a99df0d0 Thread exited: 0x00000203a99df0d0
Event: 3738.155 Thread 0x00000203a99e59d0 Thread exited: 0x00000203a99e59d0
Event: 3738.156 Thread 0x00000203a99e5340 Thread exited: 0x00000203a99e5340
Event: 3738.156 Thread 0x00000203a99e3900 Thread exited: 0x00000203a99e3900
Event: 3738.156 Thread 0x00000203a99e1ec0 Thread exited: 0x00000203a99e1ec0
Event: 3738.156 Thread 0x00000203a99e1830 Thread exited: 0x00000203a99e1830
Event: 3738.157 Thread 0x00000203a99e11a0 Thread exited: 0x00000203a99e11a0
Event: 3738.200 Thread 0x00000203a9d7b730 Thread added: 0x00000203a9d7b730
Event: 3738.200 Thread 0x00000203a9d7b730 Thread exited: 0x00000203a9d7b730
Event: 3738.201 Thread 0x00000203a9d7c450 Thread added: 0x00000203a9d7c450
Event: 3738.235 Thread 0x00000203aa8020c0 Thread added: 0x00000203aa8020c0
Event: 3738.235 Thread 0x00000203ab900560 Thread added: 0x00000203ab900560
Event: 3738.235 Thread 0x00000203aa04b9a0 Thread added: 0x00000203aa04b9a0
Event: 3738.320 Thread 0x00000203a9d7b730 Thread added: 0x00000203a9d7b730
Event: 3738.375 Thread 0x00000203a9d7b730 Thread exited: 0x00000203a9d7b730
Event: 3738.768 Thread 0x00000203a9d7d170 Thread added: 0x00000203a9d7d170
Event: 3738.768 Thread 0x00000203a9d7b730 Thread added: 0x00000203a9d7b730
Event: 3738.769 Thread 0x00000203a9d7cae0 Thread added: 0x00000203a9d7cae0


Dynamic libraries:
0x00007ff68c2e0000 - 0x00007ff68c2ee000 	C:\Users\pedro\.p2\pool\plugins\org.eclipse.justj.openjdk.hotspot.jre.full.win32.x86_64_22.0.1.v20240426-1149\jre\bin\javaw.exe
0x00007ffd8b640000 - 0x00007ffd8b8a3000 	C:\WINDOWS\SYSTEM32\ntdll.dll
0x00007ffd89b30000 - 0x00007ffd89bf7000 	C:\WINDOWS\System32\KERNEL32.DLL
0x00007ffd88b30000 - 0x00007ffd88ef6000 	C:\WINDOWS\System32\KERNELBASE.dll
0x00007ffd89150000 - 0x00007ffd8929c000 	C:\WINDOWS\System32\ucrtbase.dll
0x00007ffd703a0000 - 0x00007ffd703b7000 	C:\Users\pedro\.p2\pool\plugins\org.eclipse.justj.openjdk.hotspot.jre.full.win32.x86_64_22.0.1.v20240426-1149\jre\bin\jli.dll
0x00007ffd634d0000 - 0x00007ffd634eb000 	C:\Users\pedro\.p2\pool\plugins\org.eclipse.justj.openjdk.hotspot.jre.full.win32.x86_64_22.0.1.v20240426-1149\jre\bin\VCRUNTIME140.dll
0x00007ffd89760000 - 0x00007ffd89929000 	C:\WINDOWS\System32\USER32.dll
0x00007ffd89120000 - 0x00007ffd89147000 	C:\WINDOWS\System32\win32u.dll
0x00007ffd89b00000 - 0x00007ffd89b2a000 	C:\WINDOWS\System32\GDI32.dll
0x00007ffd89350000 - 0x00007ffd8947b000 	C:\WINDOWS\System32\gdi32full.dll
0x00007ffd649b0000 - 0x00007ffd64c40000 	C:\WINDOWS\WinSxS\amd64_microsoft.windows.common-controls_6595b64144ccf1df_6.0.26100.2702_none_3e069454e335fc5e\COMCTL32.dll
0x00007ffd89a50000 - 0x00007ffd89af9000 	C:\WINDOWS\System32\msvcrt.dll
0x00007ffd892a0000 - 0x00007ffd89343000 	C:\WINDOWS\System32\msvcp_win.dll
0x00007ffd8a450000 - 0x00007ffd8a47f000 	C:\WINDOWS\System32\IMM32.DLL
0x00007ffd71c20000 - 0x00007ffd71c2c000 	C:\Users\pedro\.p2\pool\plugins\org.eclipse.justj.openjdk.hotspot.jre.full.win32.x86_64_22.0.1.v20240426-1149\jre\bin\vcruntime140_1.dll
0x00007ffd5f680000 - 0x00007ffd5f70e000 	C:\Users\pedro\.p2\pool\plugins\org.eclipse.justj.openjdk.hotspot.jre.full.win32.x86_64_22.0.1.v20240426-1149\jre\bin\msvcp140.dll
0x00007ffca0460000 - 0x00007ffca1222000 	C:\Users\pedro\.p2\pool\plugins\org.eclipse.justj.openjdk.hotspot.jre.full.win32.x86_64_22.0.1.v20240426-1149\jre\bin\server\jvm.dll
0x00007ffd8a490000 - 0x00007ffd8a543000 	C:\WINDOWS\System32\ADVAPI32.dll
0x00007ffd89530000 - 0x00007ffd895d6000 	C:\WINDOWS\System32\sechost.dll
0x00007ffd89930000 - 0x00007ffd89a46000 	C:\WINDOWS\System32\RPCRT4.dll
0x00007ffd8a290000 - 0x00007ffd8a304000 	C:\WINDOWS\System32\WS2_32.dll
0x00007ffd87680000 - 0x00007ffd876ce000 	C:\WINDOWS\SYSTEM32\POWRPROF.dll
0x00007ffd709a0000 - 0x00007ffd709d6000 	C:\WINDOWS\SYSTEM32\WINMM.dll
0x00007ffd746d0000 - 0x00007ffd746db000 	C:\WINDOWS\SYSTEM32\VERSION.dll
0x00007ffd87660000 - 0x00007ffd87674000 	C:\WINDOWS\SYSTEM32\UMPDC.dll
0x00007ffd87920000 - 0x00007ffd8793a000 	C:\WINDOWS\SYSTEM32\kernel.appcore.dll
0x00007ffd77700000 - 0x00007ffd7770a000 	C:\Users\pedro\.p2\pool\plugins\org.eclipse.justj.openjdk.hotspot.jre.full.win32.x86_64_22.0.1.v20240426-1149\jre\bin\jimage.dll
0x00007ffd86120000 - 0x00007ffd86361000 	C:\WINDOWS\SYSTEM32\DBGHELP.DLL
0x00007ffd8a610000 - 0x00007ffd8a98e000 	C:\WINDOWS\System32\combase.dll
0x00007ffd8b3c0000 - 0x00007ffd8b496000 	C:\WINDOWS\System32\OLEAUT32.dll
0x00007ffd70560000 - 0x00007ffd70599000 	C:\WINDOWS\SYSTEM32\dbgcore.DLL
0x00007ffd89080000 - 0x00007ffd89119000 	C:\WINDOWS\System32\bcryptPrimitives.dll
0x00007ffd750e0000 - 0x00007ffd7511c000 	C:\Users\pedro\.p2\pool\plugins\org.eclipse.justj.openjdk.hotspot.jre.full.win32.x86_64_22.0.1.v20240426-1149\jre\bin\jdwp.dll
0x00007ffd7f0a0000 - 0x00007ffd7f0af000 	C:\Users\pedro\.p2\pool\plugins\org.eclipse.justj.openjdk.hotspot.jre.full.win32.x86_64_22.0.1.v20240426-1149\jre\bin\instrument.dll
0x00007ffd776e0000 - 0x00007ffd776fe000 	C:\Users\pedro\.p2\pool\plugins\org.eclipse.justj.openjdk.hotspot.jre.full.win32.x86_64_22.0.1.v20240426-1149\jre\bin\java.dll
0x00007ffd8acb0000 - 0x00007ffd8b3b9000 	C:\WINDOWS\System32\SHELL32.dll
0x00007ffd89c60000 - 0x00007ffd89df5000 	C:\WINDOWS\System32\ole32.dll
0x00007ffd73e40000 - 0x00007ffd73e57000 	C:\Users\pedro\.p2\pool\plugins\org.eclipse.justj.openjdk.hotspot.jre.full.win32.x86_64_22.0.1.v20240426-1149\jre\bin\zip.dll
0x00007ffd866a0000 - 0x00007ffd86ed8000 	C:\WINDOWS\SYSTEM32\windows.storage.dll
0x00007ffd8a310000 - 0x00007ffd8a3fa000 	C:\WINDOWS\System32\SHCORE.dll
0x00007ffd894d0000 - 0x00007ffd8952d000 	C:\WINDOWS\System32\shlwapi.dll
0x00007ffd888f0000 - 0x00007ffd8891e000 	C:\WINDOWS\SYSTEM32\profapi.dll
0x00007ffd7e150000 - 0x00007ffd7e15c000 	C:\Users\pedro\.p2\pool\plugins\org.eclipse.justj.openjdk.hotspot.jre.full.win32.x86_64_22.0.1.v20240426-1149\jre\bin\dt_socket.dll
0x00007ffd87320000 - 0x00007ffd87352000 	C:\WINDOWS\SYSTEM32\IPHLPAPI.DLL
0x00007ffd87e30000 - 0x00007ffd87e98000 	C:\WINDOWS\system32\mswsock.dll
0x00007ffd873f0000 - 0x00007ffd87515000 	C:\WINDOWS\SYSTEM32\DNSAPI.dll
0x00007ffd8a9a0000 - 0x00007ffd8a9aa000 	C:\WINDOWS\System32\NSI.dll
0x00007ffd7ba60000 - 0x00007ffd7ba6b000 	C:\Windows\System32\rasadhlp.dll
0x00007ffd7c920000 - 0x00007ffd7c9a5000 	C:\WINDOWS\System32\fwpuclnt.dll
0x00007ffd776d0000 - 0x00007ffd776e0000 	C:\Users\pedro\.p2\pool\plugins\org.eclipse.justj.openjdk.hotspot.jre.full.win32.x86_64_22.0.1.v20240426-1149\jre\bin\net.dll
0x00007ffd71fa0000 - 0x00007ffd71fb6000 	C:\Users\pedro\.p2\pool\plugins\org.eclipse.justj.openjdk.hotspot.jre.full.win32.x86_64_22.0.1.v20240426-1149\jre\bin\nio.dll
0x00007ffd776b0000 - 0x00007ffd776ba000 	C:\Users\pedro\.p2\pool\plugins\org.eclipse.justj.openjdk.hotspot.jre.full.win32.x86_64_22.0.1.v20240426-1149\jre\bin\management.dll
0x00007ffd76980000 - 0x00007ffd7698b000 	C:\Users\pedro\.p2\pool\plugins\org.eclipse.justj.openjdk.hotspot.jre.full.win32.x86_64_22.0.1.v20240426-1149\jre\bin\management_ext.dll
0x00007ffd8a560000 - 0x00007ffd8a568000 	C:\WINDOWS\System32\PSAPI.DLL
0x00007ffd63cb0000 - 0x00007ffd63cc8000 	C:\WINDOWS\system32\napinsp.dll
0x00007ffd63c90000 - 0x00007ffd63ca2000 	C:\WINDOWS\System32\winrnr.dll
0x00007ffd63c30000 - 0x00007ffd63c52000 	C:\WINDOWS\system32\nlansp_c.dll
0x00007ffd63bf0000 - 0x00007ffd63c06000 	C:\WINDOWS\system32\wshbth.dll
0x00007ffd880d0000 - 0x00007ffd880ec000 	C:\WINDOWS\SYSTEM32\CRYPTSP.dll
0x00007ffd87880000 - 0x00007ffd878b8000 	C:\WINDOWS\system32\rsaenh.dll
0x00007ffd87ed0000 - 0x00007ffd87efb000 	C:\WINDOWS\SYSTEM32\USERENV.dll
0x00007ffd88310000 - 0x00007ffd88336000 	C:\WINDOWS\SYSTEM32\bcrypt.dll
0x00007ffd880f0000 - 0x00007ffd880fc000 	C:\WINDOWS\SYSTEM32\CRYPTBASE.dll
0x00007ffd776c0000 - 0x00007ffd776c9000 	C:\Users\pedro\.p2\pool\plugins\org.eclipse.justj.openjdk.hotspot.jre.full.win32.x86_64_22.0.1.v20240426-1149\jre\bin\extnet.dll
0x00007ffd71f40000 - 0x00007ffd71f50000 	C:\Users\pedro\.p2\pool\plugins\org.eclipse.justj.openjdk.hotspot.jre.full.win32.x86_64_22.0.1.v20240426-1149\jre\bin\verify.dll
0x00007ffd71c30000 - 0x00007ffd71c3e000 	C:\Users\pedro\.p2\pool\plugins\org.eclipse.justj.openjdk.hotspot.jre.full.win32.x86_64_22.0.1.v20240426-1149\jre\bin\sunmscapi.dll
0x00007ffd88f00000 - 0x00007ffd89076000 	C:\WINDOWS\System32\CRYPT32.dll
0x00007ffd882d0000 - 0x00007ffd88300000 	C:\WINDOWS\SYSTEM32\ncrypt.dll
0x00007ffd88280000 - 0x00007ffd882bf000 	C:\WINDOWS\SYSTEM32\NTASN1.dll
0x00007ffd6b8f0000 - 0x00007ffd6b8f8000 	C:\WINDOWS\system32\wshunix.dll

dbghelp: loaded successfully - version: 4.0.5 - missing functions: none
symbol engine: initialized successfully - sym options: 0x614 - pdb path: .;C:\Users\pedro\.p2\pool\plugins\org.eclipse.justj.openjdk.hotspot.jre.full.win32.x86_64_22.0.1.v20240426-1149\jre\bin;C:\WINDOWS\SYSTEM32;C:\WINDOWS\WinSxS\amd64_microsoft.windows.common-controls_6595b64144ccf1df_6.0.26100.2702_none_3e069454e335fc5e;C:\Users\pedro\.p2\pool\plugins\org.eclipse.justj.openjdk.hotspot.jre.full.win32.x86_64_22.0.1.v20240426-1149\jre\bin\server

VM Arguments:
jvm_args: -XX:+ShowCodeDetailsInExceptionMessages -agentlib:jdwp=transport=dt_socket,suspend=y,address=localhost:60440 -Dcom.sun.management.jmxremote -Dcom.sun.management.jmxremote.port=60436 -Dcom.sun.management.jmxremote.authenticate=false -Dcom.sun.management.jmxremote.ssl=false -Djava.rmi.server.hostname=localhost -Dspring.jmx.enabled=true -Dmanagement.endpoints.jmx.exposure.include=* -Dspring.application.admin.enabled=true -XX:TieredStopAtLevel=1 -Dspring.boot.project.name=gesventas-web -javaagent:C:\Users\pedro\eclipse\jee-2024-06\eclipse\configuration\org.eclipse.osgi\448\0\.cp\lib\javaagent-shaded.jar -Dfile.encoding=UTF-8 -Dstdout.encoding=UTF-8 -Dstderr.encoding=UTF-8 
java_command: com.ayalait.gesventas.GesVentas --spring.output.ansi.enabled=always
java_class_path (initial): C:\Proyectos\Salvas\GesControl\gesventas-web\target\classes;C:\Proyectos\Salvas\GesControl\common-gescontrol\target\classes;C:\Users\pedro\.m2\repository\com\fasterxml\jackson\core\jackson-annotations\2.13.5\jackson-annotations-2.13.5.jar;C:\Users\pedro\.m2\repository\org\springframework\boot\spring-boot-starter-web\2.7.11\spring-boot-starter-web-2.7.11.jar;C:\Users\pedro\.m2\repository\org\springframework\boot\spring-boot-starter\2.7.11\spring-boot-starter-2.7.11.jar;C:\Users\pedro\.m2\repository\org\springframework\boot\spring-boot-starter-logging\2.7.11\spring-boot-starter-logging-2.7.11.jar;C:\Users\pedro\.m2\repository\ch\qos\logback\logback-classic\1.2.12\logback-classic-1.2.12.jar;C:\Users\pedro\.m2\repository\ch\qos\logback\logback-core\1.2.12\logback-core-1.2.12.jar;C:\Users\pedro\.m2\repository\org\apache\logging\log4j\log4j-to-slf4j\2.17.2\log4j-to-slf4j-2.17.2.jar;C:\Users\pedro\.m2\repository\org\apache\logging\log4j\log4j-api\2.17.2\log4j-api-2.17.2.jar;C:\Users\pedro\.m2\repository\org\slf4j\jul-to-slf4j\1.7.36\jul-to-slf4j-1.7.36.jar;C:\Users\pedro\.m2\repository\org\yaml\snakeyaml\1.30\snakeyaml-1.30.jar;C:\Users\pedro\.m2\repository\org\springframework\boot\spring-boot-starter-json\2.7.11\spring-boot-starter-json-2.7.11.jar;C:\Users\pedro\.m2\repository\com\fasterxml\jackson\datatype\jackson-datatype-jdk8\2.13.5\jackson-datatype-jdk8-2.13.5.jar;C:\Users\pedro\.m2\repository\com\fasterxml\jackson\module\jackson-module-parameter-names\2.13.5\jackson-module-parameter-names-2.13.5.jar;C:\Users\pedro\.m2\repository\org\springframework\spring-web\5.3.27\spring-web-5.3.27.jar;C:\Users\pedro\.m2\repository\org\springframework\spring-beans\5.3.27\spring-beans-5.3.27.jar;C:\Users\pedro\.m2\repository\org\springframework\spring-webmvc\5.3.27\spring-webmvc-5.3.27.jar;C:\Users\pedro\.m2\repository\org\springframework\spring-aop\5.3.27\spring-aop-5.3.27.jar;C:\Users\pedro\.m2\repository\org\springframework\spring-context\5.3.27\spring-context-5.3.27.jar;C:\Users\pedro\.m2\repository\org\springframework\spring-expression\5.3.27\spring-expression-5.3.27.jar;C:\Users\pedro\.m2\repository\org\springframework\boot\spring-boot-starter-thymeleaf\2.7.11\spring-boot-starter-thymeleaf-2.7.11.jar;C:\Users\pedro\.m2\repository\org\thymeleaf\thymeleaf-spring5\3.0.15.RELEASE\thymeleaf-spring5-3.0.15.RELEASE.jar;C:\Users\pedro\.m2\repository\org\thymeleaf\thymeleaf\3.0.15.RELEASE\thymeleaf-3.0.15.RELEASE.jar;C:\Users\pedro\.m2\repository\org\attoparser\attoparser\2.0.5.RELEASE\attoparser-2.0.5.RELEASE.jar;C:\Users\pedro\.m2\repository\org\unbescape\unbescape\1.1.6.RELEASE\unbescape-1.1.6.RELEASE.jar;C:\Users\pedro\.m2\repository\org\thymeleaf\extras\thymeleaf-extras-java8time\3.0.4.RELEASE\thymeleaf-extras-java8time-3.0.4.RELEASE.jar;C:\Users\pedro\.m2\repository\org\springframework\boot\spring-boot-starter-tomcat\2.7.11\spring-boot-starter-tomcat-2.7.11.jar;C:\Users\pedro\.m2\repository\jakarta\annotation\jakarta.annotation-api\1.3.5\jakarta.annotation-api-1.3.5.jar;C:\Users\pedro\.m2\repository\org\apache\tomcat\embed\tomcat-embed-core\9.0.74\tomcat-embed-core-9.0.74.jar;C:\Users\pedro\.m2\repository\org\apache\tomcat\embed\tomcat-embed-el\9.0.74\tomcat-embed-el-9.0.74.jar;C:\Users\pedro\.m2\repository\org\apache\tomcat\embed\tomcat-embed-websocket\9.0.74\tomcat-embed-websocket-9.0.74.jar;C:\Users\pedro\.m2\repository\jakarta\xml\bind\jakarta.xml.bind-api\2.3.3\jakarta.xml.bind-api-2.3.3.jar;C:\Users\pedro\.m2\repository\jakarta\activation\jakarta.activation-api\1.2.2\jakarta.activation-api-1.2.2.jar;C:\Users\pedro\.m2\repository\org\springframework\spring-core\5.3.27\spring-core-5.3.27.jar;C:\Users\pedro\.m2\repository\org\springframework\spring-jcl\5.3.27\spring-jcl-5.3.27.jar;C:\Users\pedro\.m2\repository\com\google\code\gson\gson\2.8.5\gson-2.8.5.jar;C:\Users\pedro\.m2\repository\com\sun\mail\javax.mail\1.6.2\javax.mail-1.6.2.jar;C:\Users\pedro\.m2\repository\javax\activation\activation\1.1\activation-1.1.jar;C:\Users\pedro\.m2\repository\org\hibernate\hibernate-entitymanager\5.3.7.Final\hibernate-entitymanager-5.3.7.Final.jar;C:\Users\pedro\.m2\repository\org\jboss\logging\jboss-logging\3.4.3.Final\jboss-logging-3.4.3.Final.jar;C:\Users\pedro\.m2\repository\org\hibernate\hibernate-core\5.6.15.Final\hibernate-core-5.6.15.Final.jar;C:\Users\pedro\.m2\repository\antlr\antlr\2.7.7\antlr-2.7.7.jar;C:\Users\pedro\.m2\repository\org\jboss\jandex\2.4.2.Final\jandex-2.4.2.Final.jar;C:\Users\pedro\.m2\repository\com\fasterxml\classmate\1.5.1\classmate-1.5.1.jar;C:\Users\pedro\.m2\repository\javax\activation\javax.activation-api\1.2.0\javax.activation-api-1.2.0.jar;C:\Users\pedro\.m2\repository\javax\xml\bind\jaxb-api\2.3.1\jaxb-api-2.3.1.jar;C:\Users\pedro\.m2\repository\org\glassfish\jaxb\jaxb-runtime\2.3.8\jaxb-runtime-2.3.8.jar;C:\Users\pedro\.m2\repository\org\glassfish\jaxb\txw2\2.3.8\txw2-2.3.8.jar;C:\Users\pedro\.m2\repository\com\sun\istack\istack-commons-runtime\3.0.12\istack-commons-runtime-3.0.12.jar;C:\Users\pedro\.m2\repository\com\sun\activation\jakarta.activation\1.2.2\jakarta.activation-1.2.2.jar;C:\Users\pedro\.m2\repository\org\dom4j\dom4j\2.1.1\dom4j-2.1.1.jar;C:\Users\pedro\.m2\repository\org\hibernate\common\hibernate-commons-annotations\5.0.4.Final\hibernate-commons-annotations-5.0.4.Final.jar;C:\Users\pedro\.m2\repository\net\bytebuddy\byte-buddy\1.12.23\byte-buddy-1.12.23.jar;C:\Users\pedro\.m2\repository\org\jboss\spec\javax\transaction\jboss-transaction-api_1.2_spec\1.1.1.Final\jboss-transaction-api_1.2_spec-1.1.1.Final.jar;C:\Users\pedro\.m2\repository\javax\persistence\javax.persistence-api\2.2\javax.persistence-api-2.2.jar;C:\Users\pedro\.m2\repository\com\mysql\mysql-connector-j\8.0.33\mysql-connector-j-8.0.33.jar;C:\Users\pedro\.m2\repository\com\itextpdf\kernel\7.1.14\kernel-7.1.14.jar;C:\Users\pedro\.m2\repository\com\itextpdf\io\7.1.14\io-7.1.14.jar;C:\Users\pedro\.m2\repository\org\bouncycastle\bcpkix-jdk15on\1.67\bcpkix-jdk15on-1.67.jar;C:\Users\pedro\.m2\repository\org\bouncycastle\bcprov-jdk15on\1.67\bcprov-jdk15on-1.67.jar;C:\Users\pedro\.m2\repository\org\slf4j\slf4j-api\1.7.36\slf4j-api-1.7.36.jar;C:\Users\pedro\.m2\repository\com\itextpdf\html2pdf\3.0.3\html2pdf-3.0.3.jar;C:\Users\pedro\.m2\repository\com\itextpdf\forms\7.1.14\forms-7.1.14.jar;C:\Users\pedro\.m2\repository\com\itextpdf\layout\7.1.14\layout-7.1.14.jar;C:\Users\pedro\.m2\repository\com\itextpdf\svg\7.1.14\svg-7.1.14.jar;C:\Users\pedro\.m2\repository\com\itextpdf\styled-xml-parser\7.1.14\styled-xml-parser-7.1.14.jar;C:\Users\pedro\.m2\repository\org\apache\httpcomponents\httpclient\4.5.2\httpclient-4.5.2.jar;C:\Users\pedro\.m2\repository\org\apache\httpcomponents\httpcore\4.4.16\httpcore-4.4.16.jar;C:\Users\pedro\.m2\repository\commons-codec\commons-codec\1.15\commons-codec-1.15.jar;C:\Users\pedro\.m2\repository\com\fasterxml\jackson\datatype\jackson-datatype-jsr310\2.13.5\jackson-datatype-jsr310-2.13.5.jar;C:\Users\pedro\.m2\repository\com\fasterxml\jackson\core\jackson-core\2.13.5\jackson-core-2.13.5.jar;C:\Users\pedro\.m2\repository\com\fasterxml\jackson\core\jackson-databind\2.13.5\jackson-databind-2.13.5.jar;C:\Users\pedro\.m2\repository\org\springframework\boot\spring-boot-devtools\2.7.11\spring-boot-devtools-2.7.11.jar;C:\Users\pedro\.m2\repository\org\springframework\boot\spring-boot\2.7.11\spring-boot-2.7.11.jar;C:\Users\pedro\.m2\repository\org\springframework\boot\spring-boot-autoconfigure\2.7.11\spring-boot-autoconfigure-2.7.11.jar;C:\Users\pedro\.m2\repository\org\springframework\boot\spring-boot-starter-websocket\2.7.11\spring-boot-starter-websocket-2.7.11.jar;C:\Users\pedro\.m2\repository\org\springframework\spring-messaging\5.3.27\spring-messaging-5.3.27.jar;C:\Users\pedro\.m2\repository\org\springframework\spring-websocket\5.3.27\spring-websocket-5.3.27.jar
Launcher Type: SUN_STANDARD

[Global flags]
     intx CICompilerCount                          = 4                                         {product} {ergonomic}
     uint ConcGCThreads                            = 2                                         {product} {ergonomic}
     uint G1ConcRefinementThreads                  = 8                                         {product} {ergonomic}
   size_t G1HeapRegionSize                         = 2097152                                   {product} {ergonomic}
   size_t InitialHeapSize                          = 266338304                                 {product} {ergonomic}
     bool ManagementServer                         = true                                      {product} {command line}
   size_t MarkStackSize                            = 4194304                                   {product} {ergonomic}
   size_t MaxHeapSize                              = 4242538496                                {product} {ergonomic}
   size_t MaxNewSize                               = 2543845376                                {product} {ergonomic}
   size_t MinHeapDeltaBytes                        = 2097152                                   {product} {ergonomic}
   size_t MinHeapSize                              = 8388608                                   {product} {ergonomic}
    uintx NonNMethodCodeHeapSize                   = 4096                                   {pd product} {ergonomic}
    uintx NonProfiledCodeHeapSize                  = 0                                      {pd product} {ergonomic}
     bool ProfileInterpreter                       = false                                  {pd product} {command line}
    uintx ProfiledCodeHeapSize                     = 0                                      {pd product} {ergonomic}
     bool ShowCodeDetailsInExceptionMessages       = true                                   {manageable} {command line}
   size_t SoftMaxHeapSize                          = 4242538496                             {manageable} {ergonomic}
     intx TieredStopAtLevel                        = 1                                         {product} {command line}
     bool UseCompressedOops                        = true                           {product lp64_product} {ergonomic}
     bool UseG1GC                                  = true                                      {product} {ergonomic}
     bool UseLargePagesIndividualAllocation        = false                                  {pd product} {ergonomic}

Logging:
Log output configuration:
 #0: stdout all=warning uptime,level,tags foldmultilines=false
 #1: stderr all=off uptime,level,tags foldmultilines=false

Environment Variables:
JAVA_HOME=C:\Program Files\Java\jdk-11.0.15.1
PATH=C:\Users\pedro\.p2\pool\plugins\org.eclipse.justj.openjdk.hotspot.jre.full.win32.x86_64_22.0.1.v20240426-1149\jre\bin;C:/Users/pedro/.p2/pool/plugins/org.eclipse.justj.openjdk.hotspot.jre.full.win32.x86_64_22.0.1.v20240426-1149/jre/bin/server;C:/Users/pedro/.p2/pool/plugins/org.eclipse.justj.openjdk.hotspot.jre.full.win32.x86_64_22.0.1.v20240426-1149/jre/bin;C:\Program Files\Common Files\Oracle\Java\javapath;C:\Program Files (x86)\Common Files\Oracle\Java\javapath;C:\WINDOWS\system32;C:\WINDOWS;C:\WINDOWS\System32\Wbem;C:\WINDOWS\System32\WindowsPowerShell\v1.0\;C:\WINDOWS\System32\OpenSSH\;C:\Program Files\Docker\Docker\resources\bin;C:\ProgramData\DockerDesktop\version-bin;C:\Programas\gradle-8.1\bin;C:\Program Files\dotnet\;C:\Programas\vault;C:\xampp\php;C:\composer;C:\Program Files\Git\cmd;C:\Program Files\nodejs\;C:\Program Files\Microsoft SQL Server\150\Tools\Binn\;C:\Program Files\Microsoft SQL Server\Client SDK\ODBC\170\Tools\Binn\;C:\Program Files (x86)\Windows Kits\10\Windows Performance Toolkit\;C:\Users\pedro\AppData\Local\Android\Sdk\platform-tools;C:\Program Files\Java\jdk-11.0.15.1\bin;C:\Users\pedro\AppData\Local\Pub\Cache\bin;C:\Program Files (x86)\Google\Cloud SDK\google-cloud-sdk\bin;C:\Curso\apache-maven-3.9.9\bin;C:\Users\pedro\AppData\Local\Programs\Python\Python313\Scripts\;C:\Users\pedro\AppData\Local\Programs\Python\Python313\;C:\Users\pedro\AppData\Local\Programs\Python\Launcher\;C:\Users\pedro\AppData\Local\Microsoft\WindowsApps;C:\Users\pedro\AppData\Local\GitHubDesktop\bin;C:\Users\pedro\AppData\Local\Programs\Microsoft VS Code\bin;C:\Program Files\Java\jdk-11.0.15.1\bin;C:\Users\pedro\.dotnet\tools;C:\Users\pedro\AppData\Roaming\Composer\vendor\bin;C:\Users\pedro\AppData\Roaming\npm;C:\Desarrollo\flutter\bin;C:\Users\pedro\AppData\Local\Pub\Cache\bin;;C:\Users\pedro\OneDrive - AYALA IT S.A.S\Escritorio;
USERNAME=pedro
OS=Windows_NT
PROCESSOR_IDENTIFIER=Intel64 Family 6 Model 142 Stepping 12, GenuineIntel
TMP=C:\Users\pedro\AppData\Local\Temp
TEMP=C:\Users\pedro\AppData\Local\Temp




Periodic native trim disabled

---------------  S Y S T E M  ---------------

OS:
 Windows 11 , 64 bit Build 26100 (10.0.26100.2992)
OS uptime: 3 days 2:44 hours
Hyper-V role detected

CPU: total 8 (initial active 8) (4 cores per cpu, 2 threads per core) family 6 model 142 stepping 12 microcode 0xec, cx8, cmov, fxsr, ht, mmx, 3dnowpref, sse, sse2, sse3, ssse3, sse4.1, sse4.2, popcnt, lzcnt, tsc, tscinvbit, avx, avx2, aes, erms, clmul, bmi1, bmi2, adx, fma, vzeroupper, clflush, clflushopt, hv, rdtscp, f16c
Processor Information for all 8 processors :
  Max Mhz: 2304, Current Mhz: 1803, Mhz Limit: 1797

Memory: 4k page, system-wide physical 16180M (2529M free)
TotalPageFile size 42804M (AvailPageFile size 15496M)
current process WorkingSet (physical memory assigned to process): 241M, peak: 282M
current process commit charge ("private bytes"): 295M, peak: 362M

vm_info: OpenJDK 64-Bit Server VM (22.0.1+8) for windows-amd64 JRE (22.0.1+8), built on 2024-04-16T00:00:00Z by "admin" with MS VC++ 17.7 (VS2022)

END.
